Epoch 1/20
19/19 [==============================] - 85s 4s/step - loss: 4.5887
acc: 0.6753, best acc: 0.6753

Epoch 2/20
19/19 [==============================] - 78s 4s/step - loss: 0.6255
acc: 0.7143, best acc: 0.7143

Epoch 4/20
19/19 [==============================] - 83s 4s/step - loss: 0.1704
acc: 0.7403, best acc: 0.7403

Epoch 5/20
19/19 [==============================] - 81s 4s/step - loss: 0.0852
acc: 0.7273, best acc: 0.7403

Epoch 6/20
19/19 [==============================] - 85s 4s/step - loss: 0.0774
acc: 0.7273, best acc: 0.7403

Epoch 7/20
19/19 [==============================] - 89s 5s/step - loss: 0.0510
acc: 0.7662, best acc: 0.7662

Epoch 8/20
19/19 [==============================] - 80s 4s/step - loss: 0.0270
acc: 0.7532, best acc: 0.7662

Epoch 9/20
19/19 [==============================] - 86s 5s/step - loss: 0.0225
acc: 0.7532, best acc: 0.7662

Epoch 10/20
19/19 [==============================] - 88s 5s/step - loss: 0.0166
acc: 0.7662, best acc: 0.7662

Epoch 11/20
19/19 [==============================] - 118s 6s/step - loss: 0.0106
acc: 0.7792, best acc: 0.7792

Epoch 12/20
19/19 [==============================] - 109s 6s/step - loss: 0.0091
acc: 0.7792, best acc: 0.7792

Epoch 13/20
19/19 [==============================] - 85s 5s/step - loss: 0.0121
acc: 0.7792, best acc: 0.7792

Epoch 14/20
19/19 [==============================] - 86s 5s/step - loss: 0.0077
acc: 0.7792, best acc: 0.7792

Epoch 15/20
19/19 [==============================] - 86s 5s/step - loss: 0.0127
acc: 0.7792, best acc: 0.7792

Epoch 16/20
19/19 [==============================] - 82s 4s/step - loss: 0.0053
acc: 0.7792, best acc: 0.7792

Epoch 17/20
19/19 [==============================] - 85s 4s/step - loss: 0.0032
acc: 0.7792, best acc: 0.7792

Epoch 18/20
19/19 [==============================] - 84s 4s/step - loss: 0.0084
acc: 0.7792, best acc: 0.7792

Epoch 19/20
19/19 [==============================] - 82s 4s/step - loss: 0.0047
acc: 0.7662, best acc: 0.7792

Epoch 20/20
19/19 [==============================] - 86s 5s/step - loss: 0.0029 
acc: 0.7792, best acc: 0.7792 
