2024-08-08 00:53:58,743 - WDM - INFO - ====== WebDriver manager ======
2024-08-08 00:53:59,463 - WDM - INFO - Get LATEST chromedriver version for google-chrome
2024-08-08 00:53:59,676 - WDM - INFO - Get LATEST chromedriver version for google-chrome
2024-08-08 00:53:59,892 - WDM - INFO - Driver [C:\Users\Wallie\.wdm\drivers\chromedriver\win64\127.0.6533.99\chromedriver.exe] found in cache
2024-08-08 00:54:09,150 - __main__ - INFO - Found link: https://www.gooood.cn/industrial-recovery-blason-by-burr.htm
2024-08-08 00:54:09,165 - __main__ - INFO - Found link: https://www.gooood.cn/vitasoy-food-and-beverage-production-center-dongguan-zzt-industrial-buildings.htm
2024-08-08 00:54:09,179 - __main__ - INFO - Found link: https://www.gooood.cn/aigues-de-vilajuiga-luis-twose-two-bo.htm
2024-08-08 00:54:09,198 - __main__ - INFO - Found link: https://www.gooood.cn/gooood-archive-industrial-architecture-renovation.htm
2024-08-08 00:54:09,213 - __main__ - INFO - Found link: https://www.gooood.cn/inlay-workshop-by-studio-10.htm
2024-08-08 00:54:09,227 - __main__ - INFO - Found link: https://www.gooood.cn/chengdu-tianfu-xinglong-lake-laboratory-by-rong-zhaohui-studio-zradi-mind-studio.htm
2024-08-08 00:54:09,242 - __main__ - INFO - Found link: https://www.gooood.cn/fa-206-office-building-by-tchoban-voss-architekten.htm
2024-08-08 00:54:09,257 - __main__ - INFO - Found link: https://www.gooood.cn/dazhou-atelier-china-by-spactrum.htm
2024-08-08 00:54:09,272 - __main__ - INFO - Found link: https://www.gooood.cn/the-holy-redeemer-church-and-community-centre-of-las-chumberas-by-fernando-menis.htm
2024-08-08 00:54:09,287 - __main__ - INFO - Found link: https://www.gooood.cn/sa-taronja-by-beef-architekti.htm
2024-08-08 00:54:09,302 - __main__ - INFO - Found link: https://www.gooood.cn/the-veil-by-me-architect-tho-a-atelier.htm
2024-08-08 00:54:09,316 - __main__ - INFO - Found link: https://www.gooood.cn/zhejiang-zhongda-technology-office-complex-by-bcbd.htm
2024-08-08 00:54:09,332 - __main__ - INFO - Found link: https://www.gooood.cn/he-zhenliang-and-olympic-exhibition-hall-by-nko.htm
2024-08-08 00:54:09,348 - __main__ - INFO - Found link: https://www.gooood.cn/condominio-da-artes-by-mimool-arquitectura-interiores.htm
2024-08-08 00:54:09,364 - __main__ - INFO - Found link: https://www.gooood.cn/blindnoplan-shanghai-xintiandi-store-by-vanished-design.htm
2024-08-08 00:54:09,379 - __main__ - INFO - Found link: https://www.gooood.cn/shanghai-gucun-sports-center-by-lacime-architectural-design.htm
2024-08-08 00:54:09,395 - __main__ - INFO - Found link: https://www.gooood.cn/automatic-mills-grain-silo-conversion-by-proks-prikryl-architekti.htm
2024-08-08 00:54:09,410 - __main__ - INFO - Found link: https://www.gooood.cn/glc-research-building-eth-zurich-by-boltshauser-architekten.htm
2024-08-08 00:54:11,461 - __main__ - INFO - Browser closed.
2024-08-08 00:54:11,461 - __main__ - INFO - Total links found: 18
2024-08-08 11:46:28,642 - WDM - INFO - ====== WebDriver manager ======
2024-08-08 11:46:30,066 - WDM - INFO - Get LATEST chromedriver version for google-chrome
2024-08-08 11:46:30,294 - WDM - INFO - Get LATEST chromedriver version for google-chrome
2024-08-08 11:46:30,510 - WDM - INFO - Driver [C:\Users\Wallie\.wdm\drivers\chromedriver\win64\127.0.6533.99\chromedriver.exe] found in cache
2024-08-08 13:26:47,745 - WDM - INFO - ====== WebDriver manager ======
2024-08-08 13:26:48,609 - WDM - INFO - Get LATEST chromedriver version for google-chrome
2024-08-08 13:26:48,928 - WDM - INFO - Get LATEST chromedriver version for google-chrome
2024-08-08 13:26:49,353 - WDM - INFO - Driver [C:\Users\Wallie\.wdm\drivers\chromedriver\win64\127.0.6533.99\chromedriver.exe] found in cache
2024-08-08 13:28:06,188 - WDM - INFO - ====== WebDriver manager ======
2024-08-08 13:28:07,005 - WDM - INFO - Get LATEST chromedriver version for google-chrome
2024-08-08 13:28:07,316 - WDM - INFO - Get LATEST chromedriver version for google-chrome
2024-08-08 13:28:07,622 - WDM - INFO - Driver [C:\Users\Wallie\.wdm\drivers\chromedriver\win64\127.0.6533.99\chromedriver.exe] found in cache
2024-08-08 13:28:31,068 - WDM - INFO - ====== WebDriver manager ======
2024-08-08 13:28:31,911 - WDM - INFO - Get LATEST chromedriver version for google-chrome
2024-08-08 13:28:32,209 - WDM - INFO - Get LATEST chromedriver version for google-chrome
2024-08-08 13:28:32,507 - WDM - INFO - Driver [C:\Users\Wallie\.wdm\drivers\chromedriver\win64\127.0.6533.99\chromedriver.exe] found in cache
2024-08-08 13:32:03,120 - WDM - INFO - ====== WebDriver manager ======
2024-08-08 13:32:03,960 - WDM - INFO - Get LATEST chromedriver version for google-chrome
2024-08-08 13:32:04,266 - WDM - INFO - Get LATEST chromedriver version for google-chrome
2024-08-08 13:32:04,570 - WDM - INFO - Driver [C:\Users\Wallie\.wdm\drivers\chromedriver\win64\127.0.6533.99\chromedriver.exe] found in cache
2024-08-08 13:33:52,405 - WDM - INFO - ====== WebDriver manager ======
2024-08-08 13:33:53,264 - WDM - INFO - Get LATEST chromedriver version for google-chrome
2024-08-08 13:33:53,569 - WDM - INFO - Get LATEST chromedriver version for google-chrome
2024-08-08 13:33:53,867 - WDM - INFO - Driver [C:\Users\Wallie\.wdm\drivers\chromedriver\win64\127.0.6533.99\chromedriver.exe] found in cache
2024-08-08 13:34:24,107 - WDM - INFO - ====== WebDriver manager ======
2024-08-08 13:34:24,946 - WDM - INFO - Get LATEST chromedriver version for google-chrome
2024-08-08 13:34:25,254 - WDM - INFO - Get LATEST chromedriver version for google-chrome
2024-08-08 13:34:25,558 - WDM - INFO - Driver [C:\Users\Wallie\.wdm\drivers\chromedriver\win64\127.0.6533.99\chromedriver.exe] found in cache
2024-08-08 13:35:59,614 - WDM - INFO - ====== WebDriver manager ======
2024-08-08 13:36:00,467 - WDM - INFO - Get LATEST chromedriver version for google-chrome
2024-08-08 13:36:00,778 - WDM - INFO - Get LATEST chromedriver version for google-chrome
2024-08-08 13:36:01,078 - WDM - INFO - Driver [C:\Users\Wallie\.wdm\drivers\chromedriver\win64\127.0.6533.99\chromedriver.exe] found in cache
2024-08-08 15:41:15,291 - WDM - INFO - ====== WebDriver manager ======
2024-08-08 15:41:16,889 - WDM - INFO - Get LATEST chromedriver version for google-chrome
2024-08-08 15:41:17,215 - WDM - INFO - Get LATEST chromedriver version for google-chrome
2024-08-08 15:41:17,522 - WDM - INFO - Driver [C:\Users\Wallie\.wdm\drivers\chromedriver\win64\127.0.6533.99\chromedriver.exe] found in cache
2024-08-08 15:43:02,527 - WDM - INFO - ====== WebDriver manager ======
2024-08-08 15:43:03,391 - WDM - INFO - Get LATEST chromedriver version for google-chrome
2024-08-08 15:43:03,834 - WDM - INFO - Get LATEST chromedriver version for google-chrome
2024-08-08 15:43:04,136 - WDM - INFO - Driver [C:\Users\Wallie\.wdm\drivers\chromedriver\win64\127.0.6533.99\chromedriver.exe] found in cache
2024-08-09 13:23:53,118 - WDM - INFO - ====== WebDriver manager ======
2024-08-09 13:23:54,531 - WDM - INFO - Get LATEST chromedriver version for google-chrome
2024-08-09 13:23:54,846 - WDM - INFO - Get LATEST chromedriver version for google-chrome
2024-08-09 13:23:55,144 - WDM - INFO - Get LATEST chromedriver version for google-chrome
2024-08-09 13:23:55,864 - WDM - INFO - WebDriver version 127.0.6533.99 selected
2024-08-09 13:23:55,866 - WDM - INFO - Modern chrome version https://storage.googleapis.com/chrome-for-testing-public/127.0.6533.99/win32/chromedriver-win32.zip
2024-08-09 13:23:55,867 - WDM - INFO - About to download new driver from https://storage.googleapis.com/chrome-for-testing-public/127.0.6533.99/win32/chromedriver-win32.zip
2024-08-09 13:23:56,117 - WDM - INFO - Driver downloading response is 200
2024-08-09 13:23:59,849 - WDM - INFO - Get LATEST chromedriver version for google-chrome
2024-08-09 13:24:00,274 - WDM - INFO - Driver has been saved in cache [C:\Users\Wallie\.wdm\drivers\chromedriver\win64\127.0.6533.99]
2024-08-09 13:24:42,467 - WDM - INFO - ====== WebDriver manager ======
2024-08-09 13:24:43,261 - WDM - INFO - Get LATEST chromedriver version for google-chrome
2024-08-09 13:24:43,579 - WDM - INFO - Get LATEST chromedriver version for google-chrome
2024-08-09 13:24:43,885 - WDM - INFO - Driver [C:\Users\Wallie\.wdm\drivers\chromedriver\win64\127.0.6533.99\chromedriver-win32/chromedriver.exe] found in cache
2024-08-09 13:26:40,073 - WDM - INFO - ====== WebDriver manager ======
2024-08-09 13:26:40,905 - WDM - INFO - Get LATEST chromedriver version for google-chrome
2024-08-09 13:26:41,211 - WDM - INFO - Get LATEST chromedriver version for google-chrome
2024-08-09 13:26:41,510 - WDM - INFO - Driver [C:\Users\Wallie\.wdm\drivers\chromedriver\win64\127.0.6533.99\chromedriver-win32/chromedriver.exe] found in cache
2024-08-09 13:28:45,193 - WDM - INFO - ====== WebDriver manager ======
2024-08-09 13:28:46,026 - WDM - INFO - Get LATEST chromedriver version for google-chrome
2024-08-09 13:28:46,327 - WDM - INFO - Get LATEST chromedriver version for google-chrome
2024-08-09 13:28:46,635 - WDM - INFO - Driver [C:\Users\Wallie\.wdm\drivers\chromedriver\win64\127.0.6533.99\chromedriver-win32/chromedriver.exe] found in cache
2024-08-09 13:34:16,528 - WDM - INFO - ====== WebDriver manager ======
2024-08-09 13:34:17,350 - WDM - INFO - Get LATEST chromedriver version for google-chrome
2024-08-09 13:34:17,693 - WDM - INFO - Get LATEST chromedriver version for google-chrome
2024-08-09 13:34:17,992 - WDM - INFO - Driver [C:\Users\Wallie\.wdm\drivers\chromedriver\win64\127.0.6533.99\chromedriver-win32/chromedriver.exe] found in cache
2024-08-09 13:36:18,390 - WDM - INFO - ====== WebDriver manager ======
2024-08-09 13:36:19,202 - WDM - INFO - Get LATEST chromedriver version for google-chrome
2024-08-09 13:36:19,509 - WDM - INFO - Get LATEST chromedriver version for google-chrome
2024-08-09 13:36:19,809 - WDM - INFO - Driver [C:\Users\Wallie\.wdm\drivers\chromedriver\win64\127.0.6533.99\chromedriver-win32/chromedriver.exe] found in cache
2024-08-09 13:49:36,299 - WDM - INFO - ====== WebDriver manager ======
2024-08-09 13:49:37,189 - WDM - INFO - Get LATEST chromedriver version for google-chrome
2024-08-09 13:49:37,494 - WDM - INFO - Get LATEST chromedriver version for google-chrome
2024-08-09 13:49:37,792 - WDM - INFO - Driver [C:\Users\Wallie\.wdm\drivers\chromedriver\win64\127.0.6533.99\chromedriver-win32/chromedriver.exe] found in cache
2024-08-09 14:01:12,857 - WDM - INFO - ====== WebDriver manager ======
2024-08-09 14:01:13,711 - WDM - INFO - Get LATEST chromedriver version for google-chrome
2024-08-09 14:01:14,098 - WDM - INFO - Get LATEST chromedriver version for google-chrome
2024-08-09 14:01:14,391 - WDM - INFO - Driver [C:\Users\Wallie\.wdm\drivers\chromedriver\win64\127.0.6533.99\chromedriver-win32/chromedriver.exe] found in cache
2024-08-09 15:38:08,238 - WDM - INFO - ====== WebDriver manager ======
2024-08-09 15:38:09,118 - WDM - INFO - Get LATEST chromedriver version for google-chrome
2024-08-09 15:38:09,431 - WDM - INFO - Get LATEST chromedriver version for google-chrome
2024-08-09 15:38:09,735 - WDM - INFO - Driver [C:\Users\Wallie\.wdm\drivers\chromedriver\win64\127.0.6533.99\chromedriver-win32/chromedriver.exe] found in cache
2024-08-09 15:41:07,050 - WDM - INFO - ====== WebDriver manager ======
2024-08-09 15:41:07,943 - WDM - INFO - Get LATEST chromedriver version for google-chrome
2024-08-09 15:41:08,255 - WDM - INFO - Get LATEST chromedriver version for google-chrome
2024-08-09 15:41:08,551 - WDM - INFO - Driver [C:\Users\Wallie\.wdm\drivers\chromedriver\win64\127.0.6533.99\chromedriver-win32/chromedriver.exe] found in cache
2024-08-09 15:43:39,674 - WDM - INFO - ====== WebDriver manager ======
2024-08-09 15:43:40,559 - WDM - INFO - Get LATEST chromedriver version for google-chrome
2024-08-09 15:43:40,876 - WDM - INFO - Get LATEST chromedriver version for google-chrome
2024-08-09 15:43:41,178 - WDM - INFO - Driver [C:\Users\Wallie\.wdm\drivers\chromedriver\win64\127.0.6533.99\chromedriver-win32/chromedriver.exe] found in cache
2024-08-09 15:52:11,791 - WDM - INFO - ====== WebDriver manager ======
2024-08-09 15:52:12,721 - WDM - INFO - Get LATEST chromedriver version for google-chrome
2024-08-09 15:52:13,025 - WDM - INFO - Get LATEST chromedriver version for google-chrome
2024-08-09 15:52:13,331 - WDM - INFO - Driver [C:\Users\Wallie\.wdm\drivers\chromedriver\win64\127.0.6533.99\chromedriver-win32/chromedriver.exe] found in cache
2024-08-09 15:52:17,211 - __main__ - INFO - Found link: https://www.gooood.cn/industrial-recovery-blason-by-burr.htm
2024-08-09 15:52:17,229 - __main__ - INFO - Found link: https://www.gooood.cn/vitasoy-food-and-beverage-production-center-dongguan-zzt-industrial-buildings.htm
2024-08-09 15:52:17,247 - __main__ - INFO - Found link: https://www.gooood.cn/aigues-de-vilajuiga-luis-twose-two-bo.htm
2024-08-09 15:52:17,266 - __main__ - INFO - Found link: https://www.gooood.cn/gooood-archive-industrial-architecture-renovation.htm
2024-08-09 15:52:17,284 - __main__ - INFO - Found link: https://www.gooood.cn/inlay-workshop-by-studio-10.htm
2024-08-09 15:52:17,304 - __main__ - INFO - Found link: https://www.gooood.cn/chengdu-tianfu-xinglong-lake-laboratory-by-rong-zhaohui-studio-zradi-mind-studio.htm
2024-08-09 15:52:17,323 - __main__ - INFO - Found link: https://www.gooood.cn/fa-206-office-building-by-tchoban-voss-architekten.htm
2024-08-09 15:52:17,341 - __main__ - INFO - Found link: https://www.gooood.cn/dazhou-atelier-china-by-spactrum.htm
2024-08-09 15:52:17,362 - __main__ - INFO - Found link: https://www.gooood.cn/the-holy-redeemer-church-and-community-centre-of-las-chumberas-by-fernando-menis.htm
2024-08-09 15:52:17,381 - __main__ - INFO - Found link: https://www.gooood.cn/sa-taronja-by-beef-architekti.htm
2024-08-09 15:52:17,400 - __main__ - INFO - Found link: https://www.gooood.cn/the-veil-by-me-architect-tho-a-atelier.htm
2024-08-09 15:52:17,419 - __main__ - INFO - Found link: https://www.gooood.cn/zhejiang-zhongda-technology-office-complex-by-bcbd.htm
2024-08-09 15:52:17,438 - __main__ - INFO - Found link: https://www.gooood.cn/he-zhenliang-and-olympic-exhibition-hall-by-nko.htm
2024-08-09 15:52:17,457 - __main__ - INFO - Found link: https://www.gooood.cn/condominio-da-artes-by-mimool-arquitectura-interiores.htm
2024-08-09 15:52:17,476 - __main__ - INFO - Found link: https://www.gooood.cn/blindnoplan-shanghai-xintiandi-store-by-vanished-design.htm
2024-08-09 15:52:17,494 - __main__ - INFO - Found link: https://www.gooood.cn/shanghai-gucun-sports-center-by-lacime-architectural-design.htm
2024-08-09 15:52:17,512 - __main__ - INFO - Found link: https://www.gooood.cn/automatic-mills-grain-silo-conversion-by-proks-prikryl-architekti.htm
2024-08-09 15:52:17,531 - __main__ - INFO - Found link: https://www.gooood.cn/glc-research-building-eth-zurich-by-boltshauser-architekten.htm
2024-08-09 15:52:21,154 - __main__ - INFO - Browser closed.
2024-08-09 15:52:21,154 - __main__ - INFO - Total links found: 18
2024-08-09 15:52:21,154 - WDM - INFO - ====== WebDriver manager ======
2024-08-09 15:52:22,096 - WDM - INFO - Get LATEST chromedriver version for google-chrome
2024-08-09 15:52:22,395 - WDM - INFO - Get LATEST chromedriver version for google-chrome
2024-08-09 15:52:22,700 - WDM - INFO - Driver [C:\Users\Wallie\.wdm\drivers\chromedriver\win64\127.0.6533.99\chromedriver-win32/chromedriver.exe] found in cache
2024-08-09 15:52:50,393 - WDM - INFO - ====== WebDriver manager ======
2024-08-09 15:52:51,314 - WDM - INFO - Get LATEST chromedriver version for google-chrome
2024-08-09 15:52:51,625 - WDM - INFO - Get LATEST chromedriver version for google-chrome
2024-08-09 15:52:51,927 - WDM - INFO - Driver [C:\Users\Wallie\.wdm\drivers\chromedriver\win64\127.0.6533.99\chromedriver-win32/chromedriver.exe] found in cache
2024-08-09 15:52:56,360 - __main__ - INFO - Found link: https://www.gooood.cn/industrial-recovery-blason-by-burr.htm
2024-08-09 15:52:56,380 - __main__ - INFO - Found link: https://www.gooood.cn/vitasoy-food-and-beverage-production-center-dongguan-zzt-industrial-buildings.htm
2024-08-09 15:52:56,399 - __main__ - INFO - Found link: https://www.gooood.cn/aigues-de-vilajuiga-luis-twose-two-bo.htm
2024-08-09 15:52:56,419 - __main__ - INFO - Found link: https://www.gooood.cn/gooood-archive-industrial-architecture-renovation.htm
2024-08-09 15:52:56,439 - __main__ - INFO - Found link: https://www.gooood.cn/inlay-workshop-by-studio-10.htm
2024-08-09 15:52:56,459 - __main__ - INFO - Found link: https://www.gooood.cn/chengdu-tianfu-xinglong-lake-laboratory-by-rong-zhaohui-studio-zradi-mind-studio.htm
2024-08-09 15:52:56,479 - __main__ - INFO - Found link: https://www.gooood.cn/fa-206-office-building-by-tchoban-voss-architekten.htm
2024-08-09 15:52:56,499 - __main__ - INFO - Found link: https://www.gooood.cn/dazhou-atelier-china-by-spactrum.htm
2024-08-09 15:52:56,518 - __main__ - INFO - Found link: https://www.gooood.cn/the-holy-redeemer-church-and-community-centre-of-las-chumberas-by-fernando-menis.htm
2024-08-09 15:52:56,537 - __main__ - INFO - Found link: https://www.gooood.cn/sa-taronja-by-beef-architekti.htm
2024-08-09 15:52:56,557 - __main__ - INFO - Found link: https://www.gooood.cn/the-veil-by-me-architect-tho-a-atelier.htm
2024-08-09 15:52:56,577 - __main__ - INFO - Found link: https://www.gooood.cn/zhejiang-zhongda-technology-office-complex-by-bcbd.htm
2024-08-09 15:52:56,597 - __main__ - INFO - Found link: https://www.gooood.cn/he-zhenliang-and-olympic-exhibition-hall-by-nko.htm
2024-08-09 15:52:56,615 - __main__ - INFO - Found link: https://www.gooood.cn/condominio-da-artes-by-mimool-arquitectura-interiores.htm
2024-08-09 15:52:56,635 - __main__ - INFO - Found link: https://www.gooood.cn/blindnoplan-shanghai-xintiandi-store-by-vanished-design.htm
2024-08-09 15:52:56,654 - __main__ - INFO - Found link: https://www.gooood.cn/shanghai-gucun-sports-center-by-lacime-architectural-design.htm
2024-08-09 15:52:56,673 - __main__ - INFO - Found link: https://www.gooood.cn/automatic-mills-grain-silo-conversion-by-proks-prikryl-architekti.htm
2024-08-09 15:52:56,693 - __main__ - INFO - Found link: https://www.gooood.cn/glc-research-building-eth-zurich-by-boltshauser-architekten.htm
2024-08-09 15:52:58,766 - __main__ - INFO - Browser closed.
2024-08-09 15:52:58,766 - __main__ - INFO - Total links found: 18
2024-08-09 15:52:58,766 - WDM - INFO - ====== WebDriver manager ======
2024-08-09 15:52:59,643 - WDM - INFO - Get LATEST chromedriver version for google-chrome
2024-08-09 15:52:59,944 - WDM - INFO - Get LATEST chromedriver version for google-chrome
2024-08-09 15:53:00,249 - WDM - INFO - Driver [C:\Users\Wallie\.wdm\drivers\chromedriver\win64\127.0.6533.99\chromedriver-win32/chromedriver.exe] found in cache
2024-08-09 16:01:28,057 - WDM - INFO - ====== WebDriver manager ======
2024-08-09 16:01:29,054 - WDM - INFO - Get LATEST chromedriver version for google-chrome
2024-08-09 16:01:29,362 - WDM - INFO - Get LATEST chromedriver version for google-chrome
2024-08-09 16:01:29,661 - WDM - INFO - Driver [C:\Users\Wallie\.wdm\drivers\chromedriver\win64\127.0.6533.99\chromedriver-win32/chromedriver.exe] found in cache
2024-08-09 16:01:34,321 - __main__ - INFO - Found link: https://www.gooood.cn/industrial-recovery-blason-by-burr.htm
2024-08-09 16:01:34,342 - __main__ - INFO - Found link: https://www.gooood.cn/vitasoy-food-and-beverage-production-center-dongguan-zzt-industrial-buildings.htm
2024-08-09 16:01:34,363 - __main__ - INFO - Found link: https://www.gooood.cn/aigues-de-vilajuiga-luis-twose-two-bo.htm
2024-08-09 16:01:34,384 - __main__ - INFO - Found link: https://www.gooood.cn/gooood-archive-industrial-architecture-renovation.htm
2024-08-09 16:01:34,404 - __main__ - INFO - Found link: https://www.gooood.cn/inlay-workshop-by-studio-10.htm
2024-08-09 16:01:34,426 - __main__ - INFO - Found link: https://www.gooood.cn/chengdu-tianfu-xinglong-lake-laboratory-by-rong-zhaohui-studio-zradi-mind-studio.htm
2024-08-09 16:01:34,448 - __main__ - INFO - Found link: https://www.gooood.cn/fa-206-office-building-by-tchoban-voss-architekten.htm
2024-08-09 16:01:34,469 - __main__ - INFO - Found link: https://www.gooood.cn/dazhou-atelier-china-by-spactrum.htm
2024-08-09 16:01:34,491 - __main__ - INFO - Found link: https://www.gooood.cn/the-holy-redeemer-church-and-community-centre-of-las-chumberas-by-fernando-menis.htm
2024-08-09 16:01:34,514 - __main__ - INFO - Found link: https://www.gooood.cn/sa-taronja-by-beef-architekti.htm
2024-08-09 16:01:34,535 - __main__ - INFO - Found link: https://www.gooood.cn/the-veil-by-me-architect-tho-a-atelier.htm
2024-08-09 16:01:34,557 - __main__ - INFO - Found link: https://www.gooood.cn/zhejiang-zhongda-technology-office-complex-by-bcbd.htm
2024-08-09 16:01:34,577 - __main__ - INFO - Found link: https://www.gooood.cn/he-zhenliang-and-olympic-exhibition-hall-by-nko.htm
2024-08-09 16:01:34,598 - __main__ - INFO - Found link: https://www.gooood.cn/condominio-da-artes-by-mimool-arquitectura-interiores.htm
2024-08-09 16:01:34,618 - __main__ - INFO - Found link: https://www.gooood.cn/blindnoplan-shanghai-xintiandi-store-by-vanished-design.htm
2024-08-09 16:01:34,639 - __main__ - INFO - Found link: https://www.gooood.cn/shanghai-gucun-sports-center-by-lacime-architectural-design.htm
2024-08-09 16:01:34,660 - __main__ - INFO - Found link: https://www.gooood.cn/automatic-mills-grain-silo-conversion-by-proks-prikryl-architekti.htm
2024-08-09 16:01:34,680 - __main__ - INFO - Found link: https://www.gooood.cn/glc-research-building-eth-zurich-by-boltshauser-architekten.htm
2024-08-09 16:01:36,754 - __main__ - INFO - Browser closed.
2024-08-09 16:01:36,754 - __main__ - INFO - Total links found: 18
2024-08-09 16:01:36,755 - WDM - INFO - ====== WebDriver manager ======
2024-08-09 16:01:37,729 - WDM - INFO - Get LATEST chromedriver version for google-chrome
2024-08-09 16:01:38,025 - WDM - INFO - Get LATEST chromedriver version for google-chrome
2024-08-09 16:01:38,331 - WDM - INFO - Driver [C:\Users\Wallie\.wdm\drivers\chromedriver\win64\127.0.6533.99\chromedriver-win32/chromedriver.exe] found in cache
2024-08-09 16:02:28,770 - WDM - INFO - ====== WebDriver manager ======
2024-08-09 16:02:29,753 - WDM - INFO - Get LATEST chromedriver version for google-chrome
2024-08-09 16:02:30,072 - WDM - INFO - Get LATEST chromedriver version for google-chrome
2024-08-09 16:02:30,368 - WDM - INFO - Driver [C:\Users\Wallie\.wdm\drivers\chromedriver\win64\127.0.6533.99\chromedriver-win32/chromedriver.exe] found in cache
2024-08-09 16:02:34,833 - __main__ - INFO - Found link: https://www.gooood.cn/industrial-recovery-blason-by-burr.htm
2024-08-09 16:02:34,854 - __main__ - INFO - Found link: https://www.gooood.cn/vitasoy-food-and-beverage-production-center-dongguan-zzt-industrial-buildings.htm
2024-08-09 16:02:34,874 - __main__ - INFO - Found link: https://www.gooood.cn/aigues-de-vilajuiga-luis-twose-two-bo.htm
2024-08-09 16:02:34,903 - __main__ - INFO - Found link: https://www.gooood.cn/gooood-archive-industrial-architecture-renovation.htm
2024-08-09 16:02:34,924 - __main__ - INFO - Found link: https://www.gooood.cn/inlay-workshop-by-studio-10.htm
2024-08-09 16:02:34,945 - __main__ - INFO - Found link: https://www.gooood.cn/chengdu-tianfu-xinglong-lake-laboratory-by-rong-zhaohui-studio-zradi-mind-studio.htm
2024-08-09 16:02:34,967 - __main__ - INFO - Found link: https://www.gooood.cn/fa-206-office-building-by-tchoban-voss-architekten.htm
2024-08-09 16:02:34,989 - __main__ - INFO - Found link: https://www.gooood.cn/dazhou-atelier-china-by-spactrum.htm
2024-08-09 16:02:35,011 - __main__ - INFO - Found link: https://www.gooood.cn/the-holy-redeemer-church-and-community-centre-of-las-chumberas-by-fernando-menis.htm
2024-08-09 16:02:35,034 - __main__ - INFO - Found link: https://www.gooood.cn/sa-taronja-by-beef-architekti.htm
2024-08-09 16:02:35,054 - __main__ - INFO - Found link: https://www.gooood.cn/the-veil-by-me-architect-tho-a-atelier.htm
2024-08-09 16:02:35,075 - __main__ - INFO - Found link: https://www.gooood.cn/zhejiang-zhongda-technology-office-complex-by-bcbd.htm
2024-08-09 16:02:35,095 - __main__ - INFO - Found link: https://www.gooood.cn/he-zhenliang-and-olympic-exhibition-hall-by-nko.htm
2024-08-09 16:02:35,115 - __main__ - INFO - Found link: https://www.gooood.cn/condominio-da-artes-by-mimool-arquitectura-interiores.htm
2024-08-09 16:02:35,136 - __main__ - INFO - Found link: https://www.gooood.cn/blindnoplan-shanghai-xintiandi-store-by-vanished-design.htm
2024-08-09 16:02:35,157 - __main__ - INFO - Found link: https://www.gooood.cn/shanghai-gucun-sports-center-by-lacime-architectural-design.htm
2024-08-09 16:02:35,179 - __main__ - INFO - Found link: https://www.gooood.cn/automatic-mills-grain-silo-conversion-by-proks-prikryl-architekti.htm
2024-08-09 16:02:35,201 - __main__ - INFO - Found link: https://www.gooood.cn/glc-research-building-eth-zurich-by-boltshauser-architekten.htm
2024-08-09 16:02:37,257 - __main__ - INFO - Browser closed.
2024-08-09 16:02:37,257 - __main__ - INFO - Total links found: 18
2024-08-09 16:02:37,258 - WDM - INFO - ====== WebDriver manager ======
2024-08-09 16:02:38,193 - WDM - INFO - Get LATEST chromedriver version for google-chrome
2024-08-09 16:02:38,497 - WDM - INFO - Get LATEST chromedriver version for google-chrome
2024-08-09 16:02:38,793 - WDM - INFO - Driver [C:\Users\Wallie\.wdm\drivers\chromedriver\win64\127.0.6533.99\chromedriver-win32/chromedriver.exe] found in cache
2024-08-09 16:02:53,458 - WDM - INFO - ====== WebDriver manager ======
2024-08-09 16:02:54,458 - WDM - INFO - Get LATEST chromedriver version for google-chrome
2024-08-09 16:02:54,760 - WDM - INFO - Get LATEST chromedriver version for google-chrome
2024-08-09 16:02:55,064 - WDM - INFO - Driver [C:\Users\Wallie\.wdm\drivers\chromedriver\win64\127.0.6533.99\chromedriver-win32/chromedriver.exe] found in cache
2024-08-09 16:03:07,356 - WDM - INFO - ====== WebDriver manager ======
2024-08-09 16:03:08,408 - WDM - INFO - Get LATEST chromedriver version for google-chrome
2024-08-09 16:03:08,709 - WDM - INFO - Get LATEST chromedriver version for google-chrome
2024-08-09 16:03:09,011 - WDM - INFO - Driver [C:\Users\Wallie\.wdm\drivers\chromedriver\win64\127.0.6533.99\chromedriver-win32/chromedriver.exe] found in cache
2024-08-09 16:03:21,757 - WDM - INFO - ====== WebDriver manager ======
2024-08-09 16:03:22,832 - WDM - INFO - Get LATEST chromedriver version for google-chrome
2024-08-09 16:03:23,135 - WDM - INFO - Get LATEST chromedriver version for google-chrome
2024-08-09 16:03:23,544 - WDM - INFO - Driver [C:\Users\Wallie\.wdm\drivers\chromedriver\win64\127.0.6533.99\chromedriver-win32/chromedriver.exe] found in cache
2024-08-09 16:03:32,183 - WDM - INFO - ====== WebDriver manager ======
2024-08-09 16:03:33,265 - WDM - INFO - Get LATEST chromedriver version for google-chrome
2024-08-09 16:03:33,567 - WDM - INFO - Get LATEST chromedriver version for google-chrome
2024-08-09 16:03:33,870 - WDM - INFO - Driver [C:\Users\Wallie\.wdm\drivers\chromedriver\win64\127.0.6533.99\chromedriver-win32/chromedriver.exe] found in cache
2024-08-09 16:03:44,531 - WDM - INFO - ====== WebDriver manager ======
2024-08-09 16:03:45,619 - WDM - INFO - Get LATEST chromedriver version for google-chrome
2024-08-09 16:03:45,923 - WDM - INFO - Get LATEST chromedriver version for google-chrome
2024-08-09 16:03:46,228 - WDM - INFO - Driver [C:\Users\Wallie\.wdm\drivers\chromedriver\win64\127.0.6533.99\chromedriver-win32/chromedriver.exe] found in cache
2024-08-09 16:03:56,001 - WDM - INFO - ====== WebDriver manager ======
2024-08-09 16:03:57,135 - WDM - INFO - Get LATEST chromedriver version for google-chrome
2024-08-09 16:03:57,441 - WDM - INFO - Get LATEST chromedriver version for google-chrome
2024-08-09 16:03:57,745 - WDM - INFO - Driver [C:\Users\Wallie\.wdm\drivers\chromedriver\win64\127.0.6533.99\chromedriver-win32/chromedriver.exe] found in cache
2024-08-09 16:04:06,030 - WDM - INFO - ====== WebDriver manager ======
2024-08-09 16:04:07,116 - WDM - INFO - Get LATEST chromedriver version for google-chrome
2024-08-09 16:04:07,425 - WDM - INFO - Get LATEST chromedriver version for google-chrome
2024-08-09 16:04:07,727 - WDM - INFO - Driver [C:\Users\Wallie\.wdm\drivers\chromedriver\win64\127.0.6533.99\chromedriver-win32/chromedriver.exe] found in cache
2024-08-09 16:04:19,917 - WDM - INFO - ====== WebDriver manager ======
2024-08-09 16:04:21,139 - WDM - INFO - Get LATEST chromedriver version for google-chrome
2024-08-09 16:04:21,437 - WDM - INFO - Get LATEST chromedriver version for google-chrome
2024-08-09 16:04:21,743 - WDM - INFO - Driver [C:\Users\Wallie\.wdm\drivers\chromedriver\win64\127.0.6533.99\chromedriver-win32/chromedriver.exe] found in cache
2024-08-09 16:04:34,630 - WDM - INFO - ====== WebDriver manager ======
2024-08-09 16:04:36,008 - WDM - INFO - Get LATEST chromedriver version for google-chrome
2024-08-09 16:04:36,316 - WDM - INFO - Get LATEST chromedriver version for google-chrome
2024-08-09 16:04:36,622 - WDM - INFO - Driver [C:\Users\Wallie\.wdm\drivers\chromedriver\win64\127.0.6533.99\chromedriver-win32/chromedriver.exe] found in cache
2024-08-09 16:04:49,969 - WDM - INFO - ====== WebDriver manager ======
2024-08-09 16:04:52,153 - WDM - INFO - Get LATEST chromedriver version for google-chrome
2024-08-09 16:04:52,494 - WDM - INFO - Get LATEST chromedriver version for google-chrome
2024-08-09 16:04:52,831 - WDM - INFO - Driver [C:\Users\Wallie\.wdm\drivers\chromedriver\win64\127.0.6533.99\chromedriver-win32/chromedriver.exe] found in cache
2024-08-09 16:05:14,130 - WDM - INFO - ====== WebDriver manager ======
2024-08-09 16:06:57,248 - WDM - INFO - Get LATEST chromedriver version for google-chrome
2024-08-09 16:06:57,573 - WDM - INFO - Get LATEST chromedriver version for google-chrome
2024-08-09 16:06:57,888 - WDM - INFO - Driver [C:\Users\Wallie\.wdm\drivers\chromedriver\win64\127.0.6533.99\chromedriver-win32/chromedriver.exe] found in cache
2024-08-09 16:07:22,348 - WDM - INFO - ====== WebDriver manager ======
2024-08-09 16:12:07,652 - WDM - INFO - Get LATEST chromedriver version for google-chrome
2024-08-09 16:12:07,983 - WDM - INFO - Get LATEST chromedriver version for google-chrome
2024-08-09 16:12:08,302 - WDM - INFO - Driver [C:\Users\Wallie\.wdm\drivers\chromedriver\win64\127.0.6533.99\chromedriver-win32/chromedriver.exe] found in cache
2024-08-09 16:17:08,135 - WDM - INFO - ====== WebDriver manager ======
2024-08-09 16:23:13,031 - WDM - INFO - Get LATEST chromedriver version for google-chrome
2024-08-09 17:10:27,148 - WDM - INFO - ====== WebDriver manager ======
2024-08-09 17:10:27,789 - WDM - INFO - Get LATEST chromedriver version for google-chrome
2024-08-09 17:10:28,102 - WDM - INFO - Get LATEST chromedriver version for google-chrome
2024-08-09 17:10:28,399 - WDM - INFO - Driver [C:\Users\Wallie\.wdm\drivers\chromedriver\win64\127.0.6533.99\chromedriver-win32/chromedriver.exe] found in cache
2024-08-09 17:11:58,527 - WDM - INFO - ====== WebDriver manager ======
2024-08-09 17:11:59,112 - WDM - INFO - Get LATEST chromedriver version for google-chrome
2024-08-09 17:11:59,414 - WDM - INFO - Get LATEST chromedriver version for google-chrome
2024-08-09 17:11:59,707 - WDM - INFO - Driver [C:\Users\Wallie\.wdm\drivers\chromedriver\win64\127.0.6533.99\chromedriver-win32/chromedriver.exe] found in cache
2024-08-09 17:12:03,447 - __main__ - INFO - Found link: https://www.gooood.cn/industrial-recovery-blason-by-burr.htm
2024-08-09 17:12:03,460 - __main__ - INFO - Found link: https://www.gooood.cn/vitasoy-food-and-beverage-production-center-dongguan-zzt-industrial-buildings.htm
2024-08-09 17:12:03,472 - __main__ - INFO - Found link: https://www.gooood.cn/aigues-de-vilajuiga-luis-twose-two-bo.htm
2024-08-09 17:12:03,483 - __main__ - INFO - Found link: https://www.gooood.cn/gooood-archive-industrial-architecture-renovation.htm
2024-08-09 17:12:03,496 - __main__ - INFO - Found link: https://www.gooood.cn/inlay-workshop-by-studio-10.htm
2024-08-09 17:12:03,509 - __main__ - INFO - Found link: https://www.gooood.cn/chengdu-tianfu-xinglong-lake-laboratory-by-rong-zhaohui-studio-zradi-mind-studio.htm
2024-08-09 17:12:03,521 - __main__ - INFO - Found link: https://www.gooood.cn/fa-206-office-building-by-tchoban-voss-architekten.htm
2024-08-09 17:12:03,534 - __main__ - INFO - Found link: https://www.gooood.cn/dazhou-atelier-china-by-spactrum.htm
2024-08-09 17:12:03,547 - __main__ - INFO - Found link: https://www.gooood.cn/the-holy-redeemer-church-and-community-centre-of-las-chumberas-by-fernando-menis.htm
2024-08-09 17:12:03,559 - __main__ - INFO - Found link: https://www.gooood.cn/sa-taronja-by-beef-architekti.htm
2024-08-09 17:12:03,572 - __main__ - INFO - Found link: https://www.gooood.cn/the-veil-by-me-architect-tho-a-atelier.htm
2024-08-09 17:12:03,584 - __main__ - INFO - Found link: https://www.gooood.cn/zhejiang-zhongda-technology-office-complex-by-bcbd.htm
2024-08-09 17:12:03,597 - __main__ - INFO - Found link: https://www.gooood.cn/he-zhenliang-and-olympic-exhibition-hall-by-nko.htm
2024-08-09 17:12:03,609 - __main__ - INFO - Found link: https://www.gooood.cn/condominio-da-artes-by-mimool-arquitectura-interiores.htm
2024-08-09 17:12:03,621 - __main__ - INFO - Found link: https://www.gooood.cn/blindnoplan-shanghai-xintiandi-store-by-vanished-design.htm
2024-08-09 17:12:03,634 - __main__ - INFO - Found link: https://www.gooood.cn/shanghai-gucun-sports-center-by-lacime-architectural-design.htm
2024-08-09 17:12:03,648 - __main__ - INFO - Found link: https://www.gooood.cn/automatic-mills-grain-silo-conversion-by-proks-prikryl-architekti.htm
2024-08-09 17:12:03,660 - __main__ - INFO - Found link: https://www.gooood.cn/glc-research-building-eth-zurich-by-boltshauser-architekten.htm
2024-08-09 17:12:03,661 - __main__ - INFO - Total links found: 18
2024-08-09 17:12:07,510 - root - INFO - Extraction completed for URL: https://www.gooood.cn/industrial-recovery-blason-by-burr.htm
2024-08-09 17:12:10,762 - root - INFO - Extraction completed for URL: https://www.gooood.cn/vitasoy-food-and-beverage-production-center-dongguan-zzt-industrial-buildings.htm
2024-08-09 17:12:14,745 - root - INFO - Extraction completed for URL: https://www.gooood.cn/aigues-de-vilajuiga-luis-twose-two-bo.htm
2024-08-09 17:12:18,899 - root - INFO - Extraction completed for URL: https://www.gooood.cn/gooood-archive-industrial-architecture-renovation.htm
2024-08-09 17:12:21,519 - root - INFO - Extraction completed for URL: https://www.gooood.cn/inlay-workshop-by-studio-10.htm
2024-08-09 17:12:25,344 - root - INFO - Extraction completed for URL: https://www.gooood.cn/chengdu-tianfu-xinglong-lake-laboratory-by-rong-zhaohui-studio-zradi-mind-studio.htm
2024-08-09 17:12:28,632 - root - INFO - Extraction completed for URL: https://www.gooood.cn/fa-206-office-building-by-tchoban-voss-architekten.htm
2024-08-09 17:12:34,369 - root - INFO - Extraction completed for URL: https://www.gooood.cn/dazhou-atelier-china-by-spactrum.htm
2024-08-09 17:12:41,832 - root - INFO - Extraction completed for URL: https://www.gooood.cn/the-holy-redeemer-church-and-community-centre-of-las-chumberas-by-fernando-menis.htm
2024-08-09 17:12:48,960 - root - INFO - Extraction completed for URL: https://www.gooood.cn/sa-taronja-by-beef-architekti.htm
2024-08-09 17:12:55,984 - root - INFO - Extraction completed for URL: https://www.gooood.cn/the-veil-by-me-architect-tho-a-atelier.htm
2024-08-09 17:13:00,523 - root - INFO - Extraction completed for URL: https://www.gooood.cn/zhejiang-zhongda-technology-office-complex-by-bcbd.htm
2024-08-09 17:13:03,270 - root - INFO - Extraction completed for URL: https://www.gooood.cn/he-zhenliang-and-olympic-exhibition-hall-by-nko.htm
2024-08-09 17:13:08,916 - root - INFO - Extraction completed for URL: https://www.gooood.cn/condominio-da-artes-by-mimool-arquitectura-interiores.htm
2024-08-09 17:13:12,155 - root - INFO - Extraction completed for URL: https://www.gooood.cn/blindnoplan-shanghai-xintiandi-store-by-vanished-design.htm
2024-08-09 17:13:14,532 - root - INFO - Extraction completed for URL: https://www.gooood.cn/shanghai-gucun-sports-center-by-lacime-architectural-design.htm
2024-08-09 17:13:19,626 - root - INFO - Extraction completed for URL: https://www.gooood.cn/automatic-mills-grain-silo-conversion-by-proks-prikryl-architekti.htm
2024-08-09 17:13:25,913 - root - INFO - Extraction completed for URL: https://www.gooood.cn/glc-research-building-eth-zurich-by-boltshauser-architekten.htm
2024-08-09 17:13:28,067 - __main__ - INFO - Browser closed.
2024-08-13 13:04:57,867 - WDM - INFO - ====== WebDriver manager ======
2024-08-13 13:04:58,471 - WDM - INFO - Get LATEST chromedriver version for google-chrome
2024-08-13 13:04:58,803 - WDM - INFO - Get LATEST chromedriver version for google-chrome
2024-08-13 13:04:59,105 - WDM - INFO - Get LATEST chromedriver version for google-chrome
2024-08-13 13:04:59,817 - WDM - INFO - WebDriver version 127.0.6533.99 selected
2024-08-13 13:04:59,818 - WDM - INFO - Modern chrome version https://storage.googleapis.com/chrome-for-testing-public/127.0.6533.99/win32/chromedriver-win32.zip
2024-08-13 13:04:59,819 - WDM - INFO - About to download new driver from https://storage.googleapis.com/chrome-for-testing-public/127.0.6533.99/win32/chromedriver-win32.zip
2024-08-13 13:05:00,082 - WDM - INFO - Driver downloading response is 200
2024-08-13 13:05:01,332 - WDM - INFO - Get LATEST chromedriver version for google-chrome
2024-08-13 13:05:01,732 - WDM - INFO - Driver has been saved in cache [C:\Users\Wallie\.wdm\drivers\chromedriver\win64\127.0.6533.99]
2024-08-13 13:05:07,916 - __main__ - INFO - Browser closed.
2024-08-13 13:05:54,511 - WDM - INFO - ====== WebDriver manager ======
2024-08-13 13:05:55,079 - WDM - INFO - Get LATEST chromedriver version for google-chrome
2024-08-13 13:05:55,385 - WDM - INFO - Get LATEST chromedriver version for google-chrome
2024-08-13 13:05:55,686 - WDM - INFO - Driver [C:\Users\Wallie\.wdm\drivers\chromedriver\win64\127.0.6533.99\chromedriver-win32/chromedriver.exe] found in cache
2024-08-13 13:06:02,623 - __main__ - INFO - Browser closed.
2024-08-13 13:07:16,890 - WDM - INFO - ====== WebDriver manager ======
2024-08-13 13:07:17,446 - WDM - INFO - Get LATEST chromedriver version for google-chrome
2024-08-13 13:07:17,749 - WDM - INFO - Get LATEST chromedriver version for google-chrome
2024-08-13 13:07:18,044 - WDM - INFO - Driver [C:\Users\Wallie\.wdm\drivers\chromedriver\win64\127.0.6533.99\chromedriver-win32/chromedriver.exe] found in cache
2024-08-13 13:07:29,885 - __main__ - INFO - Browser closed.
2024-08-13 13:28:52,594 - WDM - INFO - ====== WebDriver manager ======
2024-08-13 13:28:53,247 - WDM - INFO - Get LATEST chromedriver version for google-chrome
2024-08-13 13:28:53,546 - WDM - INFO - Get LATEST chromedriver version for google-chrome
2024-08-13 13:28:53,842 - WDM - INFO - Driver [C:\Users\Wallie\.wdm\drivers\chromedriver\win64\127.0.6533.99\chromedriver-win32/chromedriver.exe] found in cache
2024-08-13 13:29:01,934 - __main__ - ERROR - An error occurred in get_search_results: 'herf'
2024-08-13 13:29:05,562 - __main__ - INFO - Browser closed.
2024-08-13 13:29:29,431 - WDM - INFO - ====== WebDriver manager ======
2024-08-13 13:29:30,148 - WDM - INFO - Get LATEST chromedriver version for google-chrome
2024-08-13 13:29:30,450 - WDM - INFO - Get LATEST chromedriver version for google-chrome
2024-08-13 13:29:30,785 - WDM - INFO - Driver [C:\Users\Wallie\.wdm\drivers\chromedriver\win64\127.0.6533.99\chromedriver-win32/chromedriver.exe] found in cache
2024-08-13 13:29:40,438 - __main__ - INFO - Browser closed.
2024-08-13 13:50:51,710 - WDM - INFO - ====== WebDriver manager ======
2024-08-13 13:50:52,460 - WDM - INFO - Get LATEST chromedriver version for google-chrome
2024-08-13 13:50:52,775 - WDM - INFO - Get LATEST chromedriver version for google-chrome
2024-08-13 13:50:53,081 - WDM - INFO - Driver [C:\Users\Wallie\.wdm\drivers\chromedriver\win64\127.0.6533.99\chromedriver-win32/chromedriver.exe] found in cache
2024-08-13 13:51:19,467 - root - INFO - Extraction completed for URL: https://www.archdaily.cn/cn/1016306/a-na-ya-bei-an-shi-ji-zhi-zheng-jian-zhu-gong-zuo-shi?ad_source=search&ad_medium=projects_tab
2024-08-13 13:51:23,104 - __main__ - INFO - Browser closed.
2024-08-13 20:40:47,370 - WDM - INFO - ====== WebDriver manager ======
2024-08-13 20:40:48,609 - WDM - INFO - Get LATEST chromedriver version for google-chrome
2024-08-13 20:40:48,921 - WDM - INFO - Get LATEST chromedriver version for google-chrome
2024-08-13 20:40:49,222 - WDM - INFO - Driver [C:\Users\Wallie\.wdm\drivers\chromedriver\win64\127.0.6533.99\chromedriver-win32/chromedriver.exe] found in cache
2024-08-13 20:41:15,835 - root - INFO - Extraction completed for URL: https://www.archdaily.cn/cn/1016306/a-na-ya-bei-an-shi-ji-zhi-zheng-jian-zhu-gong-zuo-shi?ad_source=search&ad_medium=projects_tab
2024-08-13 20:41:17,904 - __main__ - INFO - Browser closed.
2024-08-13 23:06:14,020 - WDM - INFO - ====== WebDriver manager ======
2024-08-13 23:06:14,844 - WDM - INFO - Get LATEST chromedriver version for google-chrome
2024-08-13 23:06:15,245 - WDM - INFO - Get LATEST chromedriver version for google-chrome
2024-08-13 23:06:15,545 - WDM - INFO - Driver [C:\Users\Wallie\.wdm\drivers\chromedriver\win64\127.0.6533.99\chromedriver-win32/chromedriver.exe] found in cache
2024-08-13 23:06:41,441 - root - INFO - Extraction completed for URL: https://www.archdaily.cn/cn/1016306/a-na-ya-bei-an-shi-ji-zhi-zheng-jian-zhu-gong-zuo-shi?ad_source=search&ad_medium=projects_tab
2024-08-13 23:06:45,057 - __main__ - INFO - Browser closed.
2024-08-13 23:37:28,191 - WDM - INFO - ====== WebDriver manager ======
2024-08-13 23:37:29,041 - WDM - INFO - Get LATEST chromedriver version for google-chrome
2024-08-13 23:37:29,344 - WDM - INFO - Get LATEST chromedriver version for google-chrome
2024-08-13 23:37:29,571 - WDM - INFO - Driver [C:\Users\Wallie\.wdm\drivers\chromedriver\win64\127.0.6533.99\chromedriver-win32/chromedriver.exe] found in cache
2024-08-13 23:37:37,670 - root - INFO - Extraction completed for URL: https://www.archdaily.cn/cn/1016306/a-na-ya-bei-an-shi-ji-zhi-zheng-jian-zhu-gong-zuo-shi?ad_source=search&ad_medium=projects_tab
2024-08-13 23:37:39,730 - __main__ - INFO - Browser closed.
2024-08-13 23:39:17,877 - WDM - INFO - ====== WebDriver manager ======
2024-08-13 23:39:18,707 - WDM - INFO - Get LATEST chromedriver version for google-chrome
2024-08-13 23:39:19,069 - WDM - INFO - Get LATEST chromedriver version for google-chrome
2024-08-13 23:39:19,391 - WDM - INFO - Driver [C:\Users\Wallie\.wdm\drivers\chromedriver\win64\127.0.6533.99\chromedriver-win32/chromedriver.exe] found in cache
2024-08-13 23:39:27,796 - __main__ - INFO - Found link: https://www.archdaily.cn/cn/1019611/ease-park-bian-yuan-ji-hua-jian-zhu-gong-zuo-shi?ad_source=search&ad_medium=projects_tab
2024-08-13 23:39:27,796 - __main__ - INFO - Found link: https://www.archdaily.cn/cn/1017700/ao-yun-cun-zhu-zhai-chaix-et-morel?ad_source=search&ad_medium=projects_tab
2024-08-13 23:39:27,797 - __main__ - INFO - Found link: https://www.archdaily.cn/cn/1017363/an-cha-bo-wu-guan-gong-chang-peng-zhuang-de-wen-hua-qun-dao?ad_source=search&ad_medium=projects_tab
2024-08-13 23:39:27,797 - __main__ - INFO - Found link: https://www.archdaily.cn/cn/1018467/ting-yu-ting-swoop-jian-zhu-gong-zuo-shi?ad_source=search&ad_medium=projects_tab
2024-08-13 23:39:27,797 - __main__ - INFO - Found link: https://www.archdaily.cn/cn/1015593/zhuan-yao-li-star-xi-san-qi-zhuan-yao-gong-ye-yi-zhi-gai-zao-mat-chao-ji-jian-zhu-shi-wu-suo?ad_source=search&ad_medium=projects_tab
2024-08-13 23:39:27,798 - __main__ - INFO - Found link: https://www.archdaily.cn/cn/1017799/dh-palencia-neng-yuan-zhuan-xing-zhong-xin-frpo-rodriguez-and-oriol?ad_source=search&ad_medium=projects_tab
2024-08-13 23:39:27,798 - __main__ - INFO - Found link: https://www.archdaily.cn/cn/1018597/furukawa-manufacturing-ban-gong-shi-he-gong-han-jo-nagasaka-plus-schemata-architects?ad_source=search&ad_medium=projects_tab
2024-08-13 23:39:27,798 - __main__ - INFO - Found link: https://www.archdaily.cn/cn/1019766/da-zhou-hua-shi-ji-qi-zhou-bian-qu-yu-gai-zao-spactrum-pu-guan?ad_source=search&ad_medium=projects_tab
2024-08-13 23:39:27,799 - __main__ - INFO - Found link: https://www.archdaily.cn/cn/1017550/xiao-he-cha-guan-fang-zi-he-shi-jian-zhu-gong-zuo-shi?ad_source=search&ad_medium=projects_tab
2024-08-13 23:39:27,799 - __main__ - INFO - Found link: https://www.archdaily.cn/cn/1017151/jin-ji-hu-1hao-yi-zhan-fan-xing-jian-zhu-gong-zuo-shi?ad_source=search&ad_medium=projects_tab
2024-08-13 23:39:27,799 - __main__ - INFO - Found link: https://www.archdaily.cn/cn/1017317/hai-dong-shi-ti-yu-zhong-xin-zhong-guo-jian-zhu-she-ji-yan-jiu-yuan-pin-zhu-she-ji-gong-zuo-shi?ad_source=search&ad_medium=projects_tab
2024-08-13 23:39:27,800 - __main__ - INFO - Found link: https://www.archdaily.cn/cn/1019212/shang-hai-chang-zhu-huan-cheng-sheng-tai-gong-yuan-dai-shi-min-fu-wu-yi-zhan-zhi-zheng-jian-zhu-gong-zuo-shi-plus-ye-shi-jian-zhu?ad_source=search&ad_medium=projects_tab
2024-08-13 23:39:27,800 - __main__ - INFO - Found link: https://www.archdaily.cn/cn/1017248/hai-dong-cheng-shi-gui-hua-zhan-lan-guan-zhong-guo-jian-zhu-she-ji-yan-jiu-yuan-pin-zhu-she-ji-gong-zuo-shi?ad_source=search&ad_medium=projects_tab
2024-08-13 23:39:27,800 - __main__ - INFO - Found link: https://www.archdaily.cn/cn/1017543/zi-dong-mo-fang-gu-cang-gai-zao-proks-prikryl-architects?ad_source=search&ad_medium=projects_tab
2024-08-13 23:39:27,800 - __main__ - INFO - Found link: https://www.archdaily.cn/cn/1017255/jcb-gong-zuo-shi-jackson-clements-burrows-architects?ad_source=search&ad_medium=projects_tab
2024-08-13 23:39:27,801 - __main__ - INFO - Found link: https://www.archdaily.cn/cn/1016298/hai-yan-ke-tang-yan-fei-jian-zhu-shi-wu-suo-plus-zhu-xiang-jian-zhu-gong-zuo-shi?ad_source=search&ad_medium=projects_tab
2024-08-13 23:39:27,801 - __main__ - INFO - Found link: https://www.archdaily.cn/cn/1016306/a-na-ya-bei-an-shi-ji-zhi-zheng-jian-zhu-gong-zuo-shi?ad_source=search&ad_medium=projects_tab
2024-08-13 23:39:27,801 - __main__ - INFO - Found link: https://www.archdaily.cn/cn/907974/plaxil-8-gong-ye-jian-zhu-jia-fang-yi-fang-xi-shou-bian-hua-zhong-de-chi-xu-xing-tan-suo-studio-valle-architetti-associati?ad_source=search&ad_medium=projects_tab
2024-08-13 23:39:36,866 - root - INFO - Extraction completed for URL: https://www.archdaily.cn/cn/1019611/ease-park-bian-yuan-ji-hua-jian-zhu-gong-zuo-shi?ad_source=search&ad_medium=projects_tab
2024-08-13 23:40:59,779 - WDM - INFO - ====== WebDriver manager ======
2024-08-13 23:41:00,569 - WDM - INFO - Get LATEST chromedriver version for google-chrome
2024-08-13 23:41:01,022 - WDM - INFO - Get LATEST chromedriver version for google-chrome
2024-08-13 23:41:01,249 - WDM - INFO - Driver [C:\Users\Wallie\.wdm\drivers\chromedriver\win64\127.0.6533.99\chromedriver-win32/chromedriver.exe] found in cache
2024-08-13 23:41:09,737 - __main__ - INFO - Found link: https://www.archdaily.cn/cn/1019611/ease-park-bian-yuan-ji-hua-jian-zhu-gong-zuo-shi?ad_source=search&ad_medium=projects_tab
2024-08-13 23:41:09,737 - __main__ - INFO - Found link: https://www.archdaily.cn/cn/1017700/ao-yun-cun-zhu-zhai-chaix-et-morel?ad_source=search&ad_medium=projects_tab
2024-08-13 23:41:09,738 - __main__ - INFO - Found link: https://www.archdaily.cn/cn/1017363/an-cha-bo-wu-guan-gong-chang-peng-zhuang-de-wen-hua-qun-dao?ad_source=search&ad_medium=projects_tab
2024-08-13 23:41:09,738 - __main__ - INFO - Found link: https://www.archdaily.cn/cn/1018467/ting-yu-ting-swoop-jian-zhu-gong-zuo-shi?ad_source=search&ad_medium=projects_tab
2024-08-13 23:41:09,738 - __main__ - INFO - Found link: https://www.archdaily.cn/cn/1015593/zhuan-yao-li-star-xi-san-qi-zhuan-yao-gong-ye-yi-zhi-gai-zao-mat-chao-ji-jian-zhu-shi-wu-suo?ad_source=search&ad_medium=projects_tab
2024-08-13 23:41:09,739 - __main__ - INFO - Found link: https://www.archdaily.cn/cn/1017799/dh-palencia-neng-yuan-zhuan-xing-zhong-xin-frpo-rodriguez-and-oriol?ad_source=search&ad_medium=projects_tab
2024-08-13 23:41:09,739 - __main__ - INFO - Found link: https://www.archdaily.cn/cn/1018597/furukawa-manufacturing-ban-gong-shi-he-gong-han-jo-nagasaka-plus-schemata-architects?ad_source=search&ad_medium=projects_tab
2024-08-13 23:41:09,739 - __main__ - INFO - Found link: https://www.archdaily.cn/cn/1019766/da-zhou-hua-shi-ji-qi-zhou-bian-qu-yu-gai-zao-spactrum-pu-guan?ad_source=search&ad_medium=projects_tab
2024-08-13 23:41:09,740 - __main__ - INFO - Found link: https://www.archdaily.cn/cn/1017550/xiao-he-cha-guan-fang-zi-he-shi-jian-zhu-gong-zuo-shi?ad_source=search&ad_medium=projects_tab
2024-08-13 23:41:09,740 - __main__ - INFO - Found link: https://www.archdaily.cn/cn/1017151/jin-ji-hu-1hao-yi-zhan-fan-xing-jian-zhu-gong-zuo-shi?ad_source=search&ad_medium=projects_tab
2024-08-13 23:41:09,740 - __main__ - INFO - Found link: https://www.archdaily.cn/cn/1017317/hai-dong-shi-ti-yu-zhong-xin-zhong-guo-jian-zhu-she-ji-yan-jiu-yuan-pin-zhu-she-ji-gong-zuo-shi?ad_source=search&ad_medium=projects_tab
2024-08-13 23:41:09,741 - __main__ - INFO - Found link: https://www.archdaily.cn/cn/1019212/shang-hai-chang-zhu-huan-cheng-sheng-tai-gong-yuan-dai-shi-min-fu-wu-yi-zhan-zhi-zheng-jian-zhu-gong-zuo-shi-plus-ye-shi-jian-zhu?ad_source=search&ad_medium=projects_tab
2024-08-13 23:41:09,741 - __main__ - INFO - Found link: https://www.archdaily.cn/cn/1017248/hai-dong-cheng-shi-gui-hua-zhan-lan-guan-zhong-guo-jian-zhu-she-ji-yan-jiu-yuan-pin-zhu-she-ji-gong-zuo-shi?ad_source=search&ad_medium=projects_tab
2024-08-13 23:41:09,741 - __main__ - INFO - Found link: https://www.archdaily.cn/cn/1017543/zi-dong-mo-fang-gu-cang-gai-zao-proks-prikryl-architects?ad_source=search&ad_medium=projects_tab
2024-08-13 23:41:09,742 - __main__ - INFO - Found link: https://www.archdaily.cn/cn/1017255/jcb-gong-zuo-shi-jackson-clements-burrows-architects?ad_source=search&ad_medium=projects_tab
2024-08-13 23:41:09,742 - __main__ - INFO - Found link: https://www.archdaily.cn/cn/1016298/hai-yan-ke-tang-yan-fei-jian-zhu-shi-wu-suo-plus-zhu-xiang-jian-zhu-gong-zuo-shi?ad_source=search&ad_medium=projects_tab
2024-08-13 23:41:09,742 - __main__ - INFO - Found link: https://www.archdaily.cn/cn/1016306/a-na-ya-bei-an-shi-ji-zhi-zheng-jian-zhu-gong-zuo-shi?ad_source=search&ad_medium=projects_tab
2024-08-13 23:41:09,742 - __main__ - INFO - Found link: https://www.archdaily.cn/cn/907974/plaxil-8-gong-ye-jian-zhu-jia-fang-yi-fang-xi-shou-bian-hua-zhong-de-chi-xu-xing-tan-suo-studio-valle-architetti-associati?ad_source=search&ad_medium=projects_tab
2024-08-13 23:41:18,797 - root - INFO - Extraction completed for URL: https://www.archdaily.cn/cn/1019611/ease-park-bian-yuan-ji-hua-jian-zhu-gong-zuo-shi?ad_source=search&ad_medium=projects_tab
2024-08-13 23:41:24,062 - root - INFO - Extraction completed for URL: https://www.archdaily.cn/cn/1017700/ao-yun-cun-zhu-zhai-chaix-et-morel?ad_source=search&ad_medium=projects_tab
2024-08-13 23:41:29,424 - root - INFO - Extraction completed for URL: https://www.archdaily.cn/cn/1017363/an-cha-bo-wu-guan-gong-chang-peng-zhuang-de-wen-hua-qun-dao?ad_source=search&ad_medium=projects_tab
2024-08-13 23:41:33,749 - root - INFO - Extraction completed for URL: https://www.archdaily.cn/cn/1018467/ting-yu-ting-swoop-jian-zhu-gong-zuo-shi?ad_source=search&ad_medium=projects_tab
2024-08-13 23:41:37,474 - root - INFO - Extraction completed for URL: https://www.archdaily.cn/cn/1015593/zhuan-yao-li-star-xi-san-qi-zhuan-yao-gong-ye-yi-zhi-gai-zao-mat-chao-ji-jian-zhu-shi-wu-suo?ad_source=search&ad_medium=projects_tab
2024-08-13 23:41:42,476 - root - INFO - Extraction completed for URL: https://www.archdaily.cn/cn/1017799/dh-palencia-neng-yuan-zhuan-xing-zhong-xin-frpo-rodriguez-and-oriol?ad_source=search&ad_medium=projects_tab
2024-08-13 23:41:48,956 - root - INFO - Extraction completed for URL: https://www.archdaily.cn/cn/1018597/furukawa-manufacturing-ban-gong-shi-he-gong-han-jo-nagasaka-plus-schemata-architects?ad_source=search&ad_medium=projects_tab
2024-08-13 23:41:54,465 - root - INFO - Extraction completed for URL: https://www.archdaily.cn/cn/1019766/da-zhou-hua-shi-ji-qi-zhou-bian-qu-yu-gai-zao-spactrum-pu-guan?ad_source=search&ad_medium=projects_tab
2024-08-13 23:42:01,572 - root - INFO - Extraction completed for URL: https://www.archdaily.cn/cn/1017550/xiao-he-cha-guan-fang-zi-he-shi-jian-zhu-gong-zuo-shi?ad_source=search&ad_medium=projects_tab
2024-08-13 23:42:06,568 - root - INFO - Extraction completed for URL: https://www.archdaily.cn/cn/1017151/jin-ji-hu-1hao-yi-zhan-fan-xing-jian-zhu-gong-zuo-shi?ad_source=search&ad_medium=projects_tab
2024-08-13 23:42:12,129 - root - INFO - Extraction completed for URL: https://www.archdaily.cn/cn/1017317/hai-dong-shi-ti-yu-zhong-xin-zhong-guo-jian-zhu-she-ji-yan-jiu-yuan-pin-zhu-she-ji-gong-zuo-shi?ad_source=search&ad_medium=projects_tab
2024-08-13 23:42:17,957 - root - INFO - Extraction completed for URL: https://www.archdaily.cn/cn/1019212/shang-hai-chang-zhu-huan-cheng-sheng-tai-gong-yuan-dai-shi-min-fu-wu-yi-zhan-zhi-zheng-jian-zhu-gong-zuo-shi-plus-ye-shi-jian-zhu?ad_source=search&ad_medium=projects_tab
2024-08-13 23:42:23,120 - root - INFO - Extraction completed for URL: https://www.archdaily.cn/cn/1017248/hai-dong-cheng-shi-gui-hua-zhan-lan-guan-zhong-guo-jian-zhu-she-ji-yan-jiu-yuan-pin-zhu-she-ji-gong-zuo-shi?ad_source=search&ad_medium=projects_tab
2024-08-13 23:42:28,625 - root - INFO - Extraction completed for URL: https://www.archdaily.cn/cn/1017543/zi-dong-mo-fang-gu-cang-gai-zao-proks-prikryl-architects?ad_source=search&ad_medium=projects_tab
2024-08-13 23:42:32,757 - root - INFO - Extraction completed for URL: https://www.archdaily.cn/cn/1017255/jcb-gong-zuo-shi-jackson-clements-burrows-architects?ad_source=search&ad_medium=projects_tab
2024-08-13 23:42:38,391 - root - INFO - Extraction completed for URL: https://www.archdaily.cn/cn/1016298/hai-yan-ke-tang-yan-fei-jian-zhu-shi-wu-suo-plus-zhu-xiang-jian-zhu-gong-zuo-shi?ad_source=search&ad_medium=projects_tab
2024-08-13 23:42:41,295 - root - INFO - Extraction completed for URL: https://www.archdaily.cn/cn/1016306/a-na-ya-bei-an-shi-ji-zhi-zheng-jian-zhu-gong-zuo-shi?ad_source=search&ad_medium=projects_tab
2024-08-13 23:42:45,375 - root - INFO - Extraction completed for URL: https://www.archdaily.cn/cn/907974/plaxil-8-gong-ye-jian-zhu-jia-fang-yi-fang-xi-shou-bian-hua-zhong-de-chi-xu-xing-tan-suo-studio-valle-architetti-associati?ad_source=search&ad_medium=projects_tab
2024-08-13 23:42:49,114 - __main__ - INFO - Browser closed.
2024-08-13 23:47:14,057 - WDM - INFO - ====== WebDriver manager ======
2024-08-13 23:47:14,916 - WDM - INFO - Get LATEST chromedriver version for google-chrome
2024-08-13 23:47:15,268 - WDM - INFO - Get LATEST chromedriver version for google-chrome
2024-08-13 23:47:15,668 - WDM - INFO - Driver [C:\Users\Wallie\.wdm\drivers\chromedriver\win64\127.0.6533.99\chromedriver-win32/chromedriver.exe] found in cache
2024-08-13 23:47:28,629 - root - INFO - Extraction completed for URL: https://www.archdaily.cn/cn/1019611/ease-park-bian-yuan-ji-hua-jian-zhu-gong-zuo-shi?ad_source=search&ad_medium=projects_tab
2024-08-13 23:47:32,268 - __main__ - INFO - Browser closed.
2024-08-13 23:48:57,524 - WDM - INFO - ====== WebDriver manager ======
2024-08-13 23:48:58,422 - WDM - INFO - Get LATEST chromedriver version for google-chrome
2024-08-13 23:48:58,671 - WDM - INFO - Get LATEST chromedriver version for google-chrome
2024-08-13 23:48:58,852 - WDM - INFO - Driver [C:\Users\Wallie\.wdm\drivers\chromedriver\win64\127.0.6533.99\chromedriver-win32/chromedriver.exe] found in cache
2024-08-13 23:49:08,174 - root - INFO - Extraction completed for URL: https://www.archdaily.cn/cn/1019611/ease-park-bian-yuan-ji-hua-jian-zhu-gong-zuo-shi?ad_source=search&ad_medium=projects_tab
2024-08-13 23:49:10,243 - __main__ - INFO - Browser closed.
2024-08-13 23:51:21,405 - WDM - INFO - ====== WebDriver manager ======
2024-08-13 23:51:22,321 - WDM - INFO - Get LATEST chromedriver version for google-chrome
2024-08-13 23:51:22,826 - WDM - INFO - Get LATEST chromedriver version for google-chrome
2024-08-13 23:51:23,009 - WDM - INFO - Driver [C:\Users\Wallie\.wdm\drivers\chromedriver\win64\127.0.6533.99\chromedriver-win32/chromedriver.exe] found in cache
2024-08-13 23:51:30,686 - root - INFO - Extraction completed for URL: https://www.archdaily.cn/cn/1019611/ease-park-bian-yuan-ji-hua-jian-zhu-gong-zuo-shi?ad_source=search&ad_medium=projects_tab
2024-08-13 23:51:34,332 - __main__ - INFO - Browser closed.
2024-08-13 23:55:42,054 - WDM - INFO - ====== WebDriver manager ======
2024-08-13 23:55:42,965 - WDM - INFO - Get LATEST chromedriver version for google-chrome
2024-08-13 23:55:43,267 - WDM - INFO - Get LATEST chromedriver version for google-chrome
2024-08-13 23:55:43,708 - WDM - INFO - Driver [C:\Users\Wallie\.wdm\drivers\chromedriver\win64\127.0.6533.99\chromedriver-win32/chromedriver.exe] found in cache
2024-08-13 23:55:52,744 - root - INFO - Extraction completed for URL: https://www.archdaily.cn/cn/1019611/ease-park-bian-yuan-ji-hua-jian-zhu-gong-zuo-shi?ad_source=search&ad_medium=projects_tab
2024-08-13 23:55:54,820 - __main__ - INFO - Browser closed.
2024-08-13 23:57:36,774 - WDM - INFO - ====== WebDriver manager ======
2024-08-13 23:57:37,697 - WDM - INFO - Get LATEST chromedriver version for google-chrome
2024-08-13 23:57:38,072 - WDM - INFO - Get LATEST chromedriver version for google-chrome
2024-08-13 23:57:38,388 - WDM - INFO - Driver [C:\Users\Wallie\.wdm\drivers\chromedriver\win64\127.0.6533.99\chromedriver-win32/chromedriver.exe] found in cache
2024-08-13 23:57:46,733 - root - INFO - Extraction completed for URL: https://www.archdaily.cn/cn/1019611/ease-park-bian-yuan-ji-hua-jian-zhu-gong-zuo-shi?ad_source=search&ad_medium=projects_tab
2024-08-13 23:57:48,818 - __main__ - INFO - Browser closed.
2024-08-13 23:58:18,489 - WDM - INFO - ====== WebDriver manager ======
2024-08-13 23:58:19,441 - WDM - INFO - Get LATEST chromedriver version for google-chrome
2024-08-13 23:58:19,668 - WDM - INFO - Get LATEST chromedriver version for google-chrome
2024-08-13 23:58:19,898 - WDM - INFO - Driver [C:\Users\Wallie\.wdm\drivers\chromedriver\win64\127.0.6533.99\chromedriver-win32/chromedriver.exe] found in cache
2024-08-13 23:58:27,296 - __main__ - INFO - Found link: https://www.archdaily.cn/cn/1019611/ease-park-bian-yuan-ji-hua-jian-zhu-gong-zuo-shi?ad_source=search&ad_medium=projects_tab
2024-08-13 23:58:27,297 - __main__ - INFO - Found link: https://www.archdaily.cn/cn/1017700/ao-yun-cun-zhu-zhai-chaix-et-morel?ad_source=search&ad_medium=projects_tab
2024-08-13 23:58:27,297 - __main__ - INFO - Found link: https://www.archdaily.cn/cn/1017363/an-cha-bo-wu-guan-gong-chang-peng-zhuang-de-wen-hua-qun-dao?ad_source=search&ad_medium=projects_tab
2024-08-13 23:58:27,297 - __main__ - INFO - Found link: https://www.archdaily.cn/cn/1018467/ting-yu-ting-swoop-jian-zhu-gong-zuo-shi?ad_source=search&ad_medium=projects_tab
2024-08-13 23:58:27,297 - __main__ - INFO - Found link: https://www.archdaily.cn/cn/1015593/zhuan-yao-li-star-xi-san-qi-zhuan-yao-gong-ye-yi-zhi-gai-zao-mat-chao-ji-jian-zhu-shi-wu-suo?ad_source=search&ad_medium=projects_tab
2024-08-13 23:58:27,298 - __main__ - INFO - Found link: https://www.archdaily.cn/cn/1017799/dh-palencia-neng-yuan-zhuan-xing-zhong-xin-frpo-rodriguez-and-oriol?ad_source=search&ad_medium=projects_tab
2024-08-13 23:58:27,298 - __main__ - INFO - Found link: https://www.archdaily.cn/cn/1018597/furukawa-manufacturing-ban-gong-shi-he-gong-han-jo-nagasaka-plus-schemata-architects?ad_source=search&ad_medium=projects_tab
2024-08-13 23:58:27,298 - __main__ - INFO - Found link: https://www.archdaily.cn/cn/1019766/da-zhou-hua-shi-ji-qi-zhou-bian-qu-yu-gai-zao-spactrum-pu-guan?ad_source=search&ad_medium=projects_tab
2024-08-13 23:58:27,298 - __main__ - INFO - Found link: https://www.archdaily.cn/cn/1017550/xiao-he-cha-guan-fang-zi-he-shi-jian-zhu-gong-zuo-shi?ad_source=search&ad_medium=projects_tab
2024-08-13 23:58:27,298 - __main__ - INFO - Found link: https://www.archdaily.cn/cn/1017151/jin-ji-hu-1hao-yi-zhan-fan-xing-jian-zhu-gong-zuo-shi?ad_source=search&ad_medium=projects_tab
2024-08-13 23:58:27,299 - __main__ - INFO - Found link: https://www.archdaily.cn/cn/1017317/hai-dong-shi-ti-yu-zhong-xin-zhong-guo-jian-zhu-she-ji-yan-jiu-yuan-pin-zhu-she-ji-gong-zuo-shi?ad_source=search&ad_medium=projects_tab
2024-08-13 23:58:27,299 - __main__ - INFO - Found link: https://www.archdaily.cn/cn/1019212/shang-hai-chang-zhu-huan-cheng-sheng-tai-gong-yuan-dai-shi-min-fu-wu-yi-zhan-zhi-zheng-jian-zhu-gong-zuo-shi-plus-ye-shi-jian-zhu?ad_source=search&ad_medium=projects_tab
2024-08-13 23:58:27,299 - __main__ - INFO - Found link: https://www.archdaily.cn/cn/1017248/hai-dong-cheng-shi-gui-hua-zhan-lan-guan-zhong-guo-jian-zhu-she-ji-yan-jiu-yuan-pin-zhu-she-ji-gong-zuo-shi?ad_source=search&ad_medium=projects_tab
2024-08-13 23:58:27,300 - __main__ - INFO - Found link: https://www.archdaily.cn/cn/1017543/zi-dong-mo-fang-gu-cang-gai-zao-proks-prikryl-architects?ad_source=search&ad_medium=projects_tab
2024-08-13 23:58:27,300 - __main__ - INFO - Found link: https://www.archdaily.cn/cn/1017255/jcb-gong-zuo-shi-jackson-clements-burrows-architects?ad_source=search&ad_medium=projects_tab
2024-08-13 23:58:27,300 - __main__ - INFO - Found link: https://www.archdaily.cn/cn/1016298/hai-yan-ke-tang-yan-fei-jian-zhu-shi-wu-suo-plus-zhu-xiang-jian-zhu-gong-zuo-shi?ad_source=search&ad_medium=projects_tab
2024-08-13 23:58:27,301 - __main__ - INFO - Found link: https://www.archdaily.cn/cn/1016306/a-na-ya-bei-an-shi-ji-zhi-zheng-jian-zhu-gong-zuo-shi?ad_source=search&ad_medium=projects_tab
2024-08-13 23:58:27,301 - __main__ - INFO - Found link: https://www.archdaily.cn/cn/907974/plaxil-8-gong-ye-jian-zhu-jia-fang-yi-fang-xi-shou-bian-hua-zhong-de-chi-xu-xing-tan-suo-studio-valle-architetti-associati?ad_source=search&ad_medium=projects_tab
2024-08-13 23:58:35,829 - root - INFO - Extraction completed for URL: https://www.archdaily.cn/cn/1019611/ease-park-bian-yuan-ji-hua-jian-zhu-gong-zuo-shi?ad_source=search&ad_medium=projects_tab
2024-08-13 23:58:45,120 - WDM - INFO - ====== WebDriver manager ======
2024-08-13 23:58:46,057 - WDM - INFO - Get LATEST chromedriver version for google-chrome
2024-08-13 23:58:46,364 - WDM - INFO - Get LATEST chromedriver version for google-chrome
2024-08-13 23:58:46,655 - WDM - INFO - Driver [C:\Users\Wallie\.wdm\drivers\chromedriver\win64\127.0.6533.99\chromedriver-win32/chromedriver.exe] found in cache
2024-08-13 23:58:53,900 - __main__ - INFO - Found link: https://www.archdaily.cn/cn/1019611/ease-park-bian-yuan-ji-hua-jian-zhu-gong-zuo-shi?ad_source=search&ad_medium=projects_tab
2024-08-13 23:58:53,901 - __main__ - INFO - Found link: https://www.archdaily.cn/cn/1017700/ao-yun-cun-zhu-zhai-chaix-et-morel?ad_source=search&ad_medium=projects_tab
2024-08-13 23:58:53,901 - __main__ - INFO - Found link: https://www.archdaily.cn/cn/1017363/an-cha-bo-wu-guan-gong-chang-peng-zhuang-de-wen-hua-qun-dao?ad_source=search&ad_medium=projects_tab
2024-08-13 23:58:53,901 - __main__ - INFO - Found link: https://www.archdaily.cn/cn/1018467/ting-yu-ting-swoop-jian-zhu-gong-zuo-shi?ad_source=search&ad_medium=projects_tab
2024-08-13 23:58:53,902 - __main__ - INFO - Found link: https://www.archdaily.cn/cn/1015593/zhuan-yao-li-star-xi-san-qi-zhuan-yao-gong-ye-yi-zhi-gai-zao-mat-chao-ji-jian-zhu-shi-wu-suo?ad_source=search&ad_medium=projects_tab
2024-08-13 23:58:53,902 - __main__ - INFO - Found link: https://www.archdaily.cn/cn/1017799/dh-palencia-neng-yuan-zhuan-xing-zhong-xin-frpo-rodriguez-and-oriol?ad_source=search&ad_medium=projects_tab
2024-08-13 23:58:53,902 - __main__ - INFO - Found link: https://www.archdaily.cn/cn/1018597/furukawa-manufacturing-ban-gong-shi-he-gong-han-jo-nagasaka-plus-schemata-architects?ad_source=search&ad_medium=projects_tab
2024-08-13 23:58:53,903 - __main__ - INFO - Found link: https://www.archdaily.cn/cn/1019766/da-zhou-hua-shi-ji-qi-zhou-bian-qu-yu-gai-zao-spactrum-pu-guan?ad_source=search&ad_medium=projects_tab
2024-08-13 23:58:53,903 - __main__ - INFO - Found link: https://www.archdaily.cn/cn/1017550/xiao-he-cha-guan-fang-zi-he-shi-jian-zhu-gong-zuo-shi?ad_source=search&ad_medium=projects_tab
2024-08-13 23:58:53,903 - __main__ - INFO - Found link: https://www.archdaily.cn/cn/1017151/jin-ji-hu-1hao-yi-zhan-fan-xing-jian-zhu-gong-zuo-shi?ad_source=search&ad_medium=projects_tab
2024-08-13 23:58:53,904 - __main__ - INFO - Found link: https://www.archdaily.cn/cn/1017317/hai-dong-shi-ti-yu-zhong-xin-zhong-guo-jian-zhu-she-ji-yan-jiu-yuan-pin-zhu-she-ji-gong-zuo-shi?ad_source=search&ad_medium=projects_tab
2024-08-13 23:58:53,904 - __main__ - INFO - Found link: https://www.archdaily.cn/cn/1019212/shang-hai-chang-zhu-huan-cheng-sheng-tai-gong-yuan-dai-shi-min-fu-wu-yi-zhan-zhi-zheng-jian-zhu-gong-zuo-shi-plus-ye-shi-jian-zhu?ad_source=search&ad_medium=projects_tab
2024-08-13 23:58:53,904 - __main__ - INFO - Found link: https://www.archdaily.cn/cn/1017248/hai-dong-cheng-shi-gui-hua-zhan-lan-guan-zhong-guo-jian-zhu-she-ji-yan-jiu-yuan-pin-zhu-she-ji-gong-zuo-shi?ad_source=search&ad_medium=projects_tab
2024-08-13 23:58:53,905 - __main__ - INFO - Found link: https://www.archdaily.cn/cn/1017543/zi-dong-mo-fang-gu-cang-gai-zao-proks-prikryl-architects?ad_source=search&ad_medium=projects_tab
2024-08-13 23:58:53,905 - __main__ - INFO - Found link: https://www.archdaily.cn/cn/1017255/jcb-gong-zuo-shi-jackson-clements-burrows-architects?ad_source=search&ad_medium=projects_tab
2024-08-13 23:58:53,905 - __main__ - INFO - Found link: https://www.archdaily.cn/cn/1016298/hai-yan-ke-tang-yan-fei-jian-zhu-shi-wu-suo-plus-zhu-xiang-jian-zhu-gong-zuo-shi?ad_source=search&ad_medium=projects_tab
2024-08-13 23:58:53,906 - __main__ - INFO - Found link: https://www.archdaily.cn/cn/1016306/a-na-ya-bei-an-shi-ji-zhi-zheng-jian-zhu-gong-zuo-shi?ad_source=search&ad_medium=projects_tab
2024-08-13 23:58:53,906 - __main__ - INFO - Found link: https://www.archdaily.cn/cn/907974/plaxil-8-gong-ye-jian-zhu-jia-fang-yi-fang-xi-shou-bian-hua-zhong-de-chi-xu-xing-tan-suo-studio-valle-architetti-associati?ad_source=search&ad_medium=projects_tab
2024-08-13 23:59:02,712 - root - INFO - Extraction completed for URL: https://www.archdaily.cn/cn/1019611/ease-park-bian-yuan-ji-hua-jian-zhu-gong-zuo-shi?ad_source=search&ad_medium=projects_tab
2024-08-13 23:59:24,989 - root - INFO - Extraction completed for URL: https://www.archdaily.cn/cn/1017700/ao-yun-cun-zhu-zhai-chaix-et-morel?ad_source=search&ad_medium=projects_tab
2024-08-13 23:59:29,670 - root - INFO - Extraction completed for URL: https://www.archdaily.cn/cn/1017363/an-cha-bo-wu-guan-gong-chang-peng-zhuang-de-wen-hua-qun-dao?ad_source=search&ad_medium=projects_tab
2024-08-13 23:59:33,936 - root - INFO - Extraction completed for URL: https://www.archdaily.cn/cn/1018467/ting-yu-ting-swoop-jian-zhu-gong-zuo-shi?ad_source=search&ad_medium=projects_tab
2024-08-13 23:59:37,285 - root - INFO - Extraction completed for URL: https://www.archdaily.cn/cn/1015593/zhuan-yao-li-star-xi-san-qi-zhuan-yao-gong-ye-yi-zhi-gai-zao-mat-chao-ji-jian-zhu-shi-wu-suo?ad_source=search&ad_medium=projects_tab
2024-08-13 23:59:40,853 - root - INFO - Extraction completed for URL: https://www.archdaily.cn/cn/1017799/dh-palencia-neng-yuan-zhuan-xing-zhong-xin-frpo-rodriguez-and-oriol?ad_source=search&ad_medium=projects_tab
2024-08-13 23:59:46,231 - root - INFO - Extraction completed for URL: https://www.archdaily.cn/cn/1018597/furukawa-manufacturing-ban-gong-shi-he-gong-han-jo-nagasaka-plus-schemata-architects?ad_source=search&ad_medium=projects_tab
2024-08-13 23:59:51,467 - root - INFO - Extraction completed for URL: https://www.archdaily.cn/cn/1019766/da-zhou-hua-shi-ji-qi-zhou-bian-qu-yu-gai-zao-spactrum-pu-guan?ad_source=search&ad_medium=projects_tab
2024-08-13 23:59:56,422 - root - INFO - Extraction completed for URL: https://www.archdaily.cn/cn/1017550/xiao-he-cha-guan-fang-zi-he-shi-jian-zhu-gong-zuo-shi?ad_source=search&ad_medium=projects_tab
2024-08-14 00:00:02,616 - root - INFO - Extraction completed for URL: https://www.archdaily.cn/cn/1017151/jin-ji-hu-1hao-yi-zhan-fan-xing-jian-zhu-gong-zuo-shi?ad_source=search&ad_medium=projects_tab
2024-08-14 00:00:10,529 - root - INFO - Extraction completed for URL: https://www.archdaily.cn/cn/1017317/hai-dong-shi-ti-yu-zhong-xin-zhong-guo-jian-zhu-she-ji-yan-jiu-yuan-pin-zhu-she-ji-gong-zuo-shi?ad_source=search&ad_medium=projects_tab
2024-08-14 00:00:18,799 - root - INFO - Extraction completed for URL: https://www.archdaily.cn/cn/1019212/shang-hai-chang-zhu-huan-cheng-sheng-tai-gong-yuan-dai-shi-min-fu-wu-yi-zhan-zhi-zheng-jian-zhu-gong-zuo-shi-plus-ye-shi-jian-zhu?ad_source=search&ad_medium=projects_tab
2024-08-14 00:00:21,514 - root - INFO - Extraction completed for URL: https://www.archdaily.cn/cn/1017248/hai-dong-cheng-shi-gui-hua-zhan-lan-guan-zhong-guo-jian-zhu-she-ji-yan-jiu-yuan-pin-zhu-she-ji-gong-zuo-shi?ad_source=search&ad_medium=projects_tab
2024-08-14 00:00:26,771 - root - INFO - Extraction completed for URL: https://www.archdaily.cn/cn/1017543/zi-dong-mo-fang-gu-cang-gai-zao-proks-prikryl-architects?ad_source=search&ad_medium=projects_tab
2024-08-14 00:00:30,945 - root - INFO - Extraction completed for URL: https://www.archdaily.cn/cn/1017255/jcb-gong-zuo-shi-jackson-clements-burrows-architects?ad_source=search&ad_medium=projects_tab
2024-08-14 00:00:36,094 - root - INFO - Extraction completed for URL: https://www.archdaily.cn/cn/1016298/hai-yan-ke-tang-yan-fei-jian-zhu-shi-wu-suo-plus-zhu-xiang-jian-zhu-gong-zuo-shi?ad_source=search&ad_medium=projects_tab
2024-08-14 00:00:39,166 - root - INFO - Extraction completed for URL: https://www.archdaily.cn/cn/1016306/a-na-ya-bei-an-shi-ji-zhi-zheng-jian-zhu-gong-zuo-shi?ad_source=search&ad_medium=projects_tab
2024-08-14 00:00:42,504 - root - INFO - Extraction completed for URL: https://www.archdaily.cn/cn/907974/plaxil-8-gong-ye-jian-zhu-jia-fang-yi-fang-xi-shou-bian-hua-zhong-de-chi-xu-xing-tan-suo-studio-valle-architetti-associati?ad_source=search&ad_medium=projects_tab
2024-08-14 00:00:46,348 - __main__ - INFO - Browser closed.
2024-08-14 00:00:58,409 - WDM - INFO - ====== WebDriver manager ======
2024-08-14 00:00:59,374 - WDM - INFO - Get LATEST chromedriver version for google-chrome
2024-08-14 00:00:59,679 - WDM - INFO - Get LATEST chromedriver version for google-chrome
2024-08-14 00:00:59,976 - WDM - INFO - Get LATEST chromedriver version for google-chrome
2024-08-14 00:01:00,703 - WDM - INFO - WebDriver version 127.0.6533.99 selected
2024-08-14 00:01:00,706 - WDM - INFO - Modern chrome version https://storage.googleapis.com/chrome-for-testing-public/127.0.6533.99/win32/chromedriver-win32.zip
2024-08-14 00:01:00,706 - WDM - INFO - About to download new driver from https://storage.googleapis.com/chrome-for-testing-public/127.0.6533.99/win32/chromedriver-win32.zip
2024-08-14 00:01:01,028 - WDM - INFO - Driver downloading response is 200
2024-08-14 00:01:03,286 - WDM - INFO - Get LATEST chromedriver version for google-chrome
2024-08-14 00:01:03,608 - WDM - INFO - Driver has been saved in cache [C:\Users\Wallie\.wdm\drivers\chromedriver\win64\127.0.6533.99]
2024-08-14 00:01:11,827 - __main__ - INFO - Found link: https://www.archdaily.cn/cn/1019611/ease-park-bian-yuan-ji-hua-jian-zhu-gong-zuo-shi?ad_source=search&ad_medium=projects_tab
2024-08-14 00:01:11,828 - __main__ - INFO - Found link: https://www.archdaily.cn/cn/1017700/ao-yun-cun-zhu-zhai-chaix-et-morel?ad_source=search&ad_medium=projects_tab
2024-08-14 00:01:11,828 - __main__ - INFO - Found link: https://www.archdaily.cn/cn/1017363/an-cha-bo-wu-guan-gong-chang-peng-zhuang-de-wen-hua-qun-dao?ad_source=search&ad_medium=projects_tab
2024-08-14 00:01:11,829 - __main__ - INFO - Found link: https://www.archdaily.cn/cn/1018467/ting-yu-ting-swoop-jian-zhu-gong-zuo-shi?ad_source=search&ad_medium=projects_tab
2024-08-14 00:01:11,829 - __main__ - INFO - Found link: https://www.archdaily.cn/cn/1015593/zhuan-yao-li-star-xi-san-qi-zhuan-yao-gong-ye-yi-zhi-gai-zao-mat-chao-ji-jian-zhu-shi-wu-suo?ad_source=search&ad_medium=projects_tab
2024-08-14 00:01:11,829 - __main__ - INFO - Found link: https://www.archdaily.cn/cn/1017799/dh-palencia-neng-yuan-zhuan-xing-zhong-xin-frpo-rodriguez-and-oriol?ad_source=search&ad_medium=projects_tab
2024-08-14 00:01:11,830 - __main__ - INFO - Found link: https://www.archdaily.cn/cn/1018597/furukawa-manufacturing-ban-gong-shi-he-gong-han-jo-nagasaka-plus-schemata-architects?ad_source=search&ad_medium=projects_tab
2024-08-14 00:01:11,830 - __main__ - INFO - Found link: https://www.archdaily.cn/cn/1019766/da-zhou-hua-shi-ji-qi-zhou-bian-qu-yu-gai-zao-spactrum-pu-guan?ad_source=search&ad_medium=projects_tab
2024-08-14 00:01:11,830 - __main__ - INFO - Found link: https://www.archdaily.cn/cn/1017550/xiao-he-cha-guan-fang-zi-he-shi-jian-zhu-gong-zuo-shi?ad_source=search&ad_medium=projects_tab
2024-08-14 00:01:11,831 - __main__ - INFO - Found link: https://www.archdaily.cn/cn/1017151/jin-ji-hu-1hao-yi-zhan-fan-xing-jian-zhu-gong-zuo-shi?ad_source=search&ad_medium=projects_tab
2024-08-14 00:01:11,831 - __main__ - INFO - Found link: https://www.archdaily.cn/cn/1017317/hai-dong-shi-ti-yu-zhong-xin-zhong-guo-jian-zhu-she-ji-yan-jiu-yuan-pin-zhu-she-ji-gong-zuo-shi?ad_source=search&ad_medium=projects_tab
2024-08-14 00:01:11,831 - __main__ - INFO - Found link: https://www.archdaily.cn/cn/1019212/shang-hai-chang-zhu-huan-cheng-sheng-tai-gong-yuan-dai-shi-min-fu-wu-yi-zhan-zhi-zheng-jian-zhu-gong-zuo-shi-plus-ye-shi-jian-zhu?ad_source=search&ad_medium=projects_tab
2024-08-14 00:01:11,832 - __main__ - INFO - Found link: https://www.archdaily.cn/cn/1017248/hai-dong-cheng-shi-gui-hua-zhan-lan-guan-zhong-guo-jian-zhu-she-ji-yan-jiu-yuan-pin-zhu-she-ji-gong-zuo-shi?ad_source=search&ad_medium=projects_tab
2024-08-14 00:01:11,832 - __main__ - INFO - Found link: https://www.archdaily.cn/cn/1017543/zi-dong-mo-fang-gu-cang-gai-zao-proks-prikryl-architects?ad_source=search&ad_medium=projects_tab
2024-08-14 00:01:11,832 - __main__ - INFO - Found link: https://www.archdaily.cn/cn/1017255/jcb-gong-zuo-shi-jackson-clements-burrows-architects?ad_source=search&ad_medium=projects_tab
2024-08-14 00:01:11,833 - __main__ - INFO - Found link: https://www.archdaily.cn/cn/1016298/hai-yan-ke-tang-yan-fei-jian-zhu-shi-wu-suo-plus-zhu-xiang-jian-zhu-gong-zuo-shi?ad_source=search&ad_medium=projects_tab
2024-08-14 00:01:11,833 - __main__ - INFO - Found link: https://www.archdaily.cn/cn/1016306/a-na-ya-bei-an-shi-ji-zhi-zheng-jian-zhu-gong-zuo-shi?ad_source=search&ad_medium=projects_tab
2024-08-14 00:01:11,833 - __main__ - INFO - Found link: https://www.archdaily.cn/cn/907974/plaxil-8-gong-ye-jian-zhu-jia-fang-yi-fang-xi-shou-bian-hua-zhong-de-chi-xu-xing-tan-suo-studio-valle-architetti-associati?ad_source=search&ad_medium=projects_tab
2024-08-14 00:01:26,535 - root - INFO - Extraction completed for URL: https://www.archdaily.cn/cn/1019611/ease-park-bian-yuan-ji-hua-jian-zhu-gong-zuo-shi?ad_source=search&ad_medium=projects_tab
2024-08-14 00:01:29,604 - root - INFO - Extraction completed for URL: https://www.archdaily.cn/cn/1017700/ao-yun-cun-zhu-zhai-chaix-et-morel?ad_source=search&ad_medium=projects_tab
2024-08-14 00:01:31,891 - root - INFO - Extraction completed for URL: https://www.archdaily.cn/cn/1017363/an-cha-bo-wu-guan-gong-chang-peng-zhuang-de-wen-hua-qun-dao?ad_source=search&ad_medium=projects_tab
2024-08-14 00:01:34,016 - root - INFO - Extraction completed for URL: https://www.archdaily.cn/cn/1018467/ting-yu-ting-swoop-jian-zhu-gong-zuo-shi?ad_source=search&ad_medium=projects_tab
2024-08-14 00:01:36,132 - root - INFO - Extraction completed for URL: https://www.archdaily.cn/cn/1015593/zhuan-yao-li-star-xi-san-qi-zhuan-yao-gong-ye-yi-zhi-gai-zao-mat-chao-ji-jian-zhu-shi-wu-suo?ad_source=search&ad_medium=projects_tab
2024-08-14 00:01:38,220 - root - INFO - Extraction completed for URL: https://www.archdaily.cn/cn/1017799/dh-palencia-neng-yuan-zhuan-xing-zhong-xin-frpo-rodriguez-and-oriol?ad_source=search&ad_medium=projects_tab
2024-08-14 00:01:40,529 - root - INFO - Extraction completed for URL: https://www.archdaily.cn/cn/1018597/furukawa-manufacturing-ban-gong-shi-he-gong-han-jo-nagasaka-plus-schemata-architects?ad_source=search&ad_medium=projects_tab
2024-08-14 00:01:42,813 - root - INFO - Extraction completed for URL: https://www.archdaily.cn/cn/1019766/da-zhou-hua-shi-ji-qi-zhou-bian-qu-yu-gai-zao-spactrum-pu-guan?ad_source=search&ad_medium=projects_tab
2024-08-14 00:01:45,180 - root - INFO - Extraction completed for URL: https://www.archdaily.cn/cn/1017550/xiao-he-cha-guan-fang-zi-he-shi-jian-zhu-gong-zuo-shi?ad_source=search&ad_medium=projects_tab
2024-08-14 00:01:47,574 - root - INFO - Extraction completed for URL: https://www.archdaily.cn/cn/1017151/jin-ji-hu-1hao-yi-zhan-fan-xing-jian-zhu-gong-zuo-shi?ad_source=search&ad_medium=projects_tab
2024-08-14 00:01:49,923 - root - INFO - Extraction completed for URL: https://www.archdaily.cn/cn/1017317/hai-dong-shi-ti-yu-zhong-xin-zhong-guo-jian-zhu-she-ji-yan-jiu-yuan-pin-zhu-she-ji-gong-zuo-shi?ad_source=search&ad_medium=projects_tab
2024-08-14 00:01:52,836 - root - INFO - Extraction completed for URL: https://www.archdaily.cn/cn/1019212/shang-hai-chang-zhu-huan-cheng-sheng-tai-gong-yuan-dai-shi-min-fu-wu-yi-zhan-zhi-zheng-jian-zhu-gong-zuo-shi-plus-ye-shi-jian-zhu?ad_source=search&ad_medium=projects_tab
2024-08-14 00:01:56,010 - root - INFO - Extraction completed for URL: https://www.archdaily.cn/cn/1017248/hai-dong-cheng-shi-gui-hua-zhan-lan-guan-zhong-guo-jian-zhu-she-ji-yan-jiu-yuan-pin-zhu-she-ji-gong-zuo-shi?ad_source=search&ad_medium=projects_tab
2024-08-14 00:01:58,254 - root - INFO - Extraction completed for URL: https://www.archdaily.cn/cn/1017543/zi-dong-mo-fang-gu-cang-gai-zao-proks-prikryl-architects?ad_source=search&ad_medium=projects_tab
2024-08-14 00:02:01,196 - root - INFO - Extraction completed for URL: https://www.archdaily.cn/cn/1017255/jcb-gong-zuo-shi-jackson-clements-burrows-architects?ad_source=search&ad_medium=projects_tab
2024-08-14 00:02:03,950 - root - INFO - Extraction completed for URL: https://www.archdaily.cn/cn/1016298/hai-yan-ke-tang-yan-fei-jian-zhu-shi-wu-suo-plus-zhu-xiang-jian-zhu-gong-zuo-shi?ad_source=search&ad_medium=projects_tab
2024-08-14 00:02:06,152 - root - INFO - Extraction completed for URL: https://www.archdaily.cn/cn/1016306/a-na-ya-bei-an-shi-ji-zhi-zheng-jian-zhu-gong-zuo-shi?ad_source=search&ad_medium=projects_tab
2024-08-14 00:02:08,249 - root - INFO - Extraction completed for URL: https://www.archdaily.cn/cn/907974/plaxil-8-gong-ye-jian-zhu-jia-fang-yi-fang-xi-shou-bian-hua-zhong-de-chi-xu-xing-tan-suo-studio-valle-architetti-associati?ad_source=search&ad_medium=projects_tab
2024-08-14 00:02:12,056 - __main__ - INFO - Browser closed.
2024-08-14 00:03:28,033 - WDM - INFO - ====== WebDriver manager ======
2024-08-14 00:03:29,078 - WDM - INFO - Get LATEST chromedriver version for google-chrome
2024-08-14 00:03:29,389 - WDM - INFO - Get LATEST chromedriver version for google-chrome
2024-08-14 00:03:29,697 - WDM - INFO - Driver [C:\Users\Wallie\.wdm\drivers\chromedriver\win64\127.0.6533.99\chromedriver.exe] found in cache
2024-08-14 00:03:38,053 - __main__ - INFO - Found link: https://www.archdaily.cn/cn/1019611/ease-park-bian-yuan-ji-hua-jian-zhu-gong-zuo-shi?ad_source=search&ad_medium=projects_tab
2024-08-14 00:03:38,053 - __main__ - INFO - Found link: https://www.archdaily.cn/cn/1017700/ao-yun-cun-zhu-zhai-chaix-et-morel?ad_source=search&ad_medium=projects_tab
2024-08-14 00:03:38,054 - __main__ - INFO - Found link: https://www.archdaily.cn/cn/1017363/an-cha-bo-wu-guan-gong-chang-peng-zhuang-de-wen-hua-qun-dao?ad_source=search&ad_medium=projects_tab
2024-08-14 00:03:38,054 - __main__ - INFO - Found link: https://www.archdaily.cn/cn/1018467/ting-yu-ting-swoop-jian-zhu-gong-zuo-shi?ad_source=search&ad_medium=projects_tab
2024-08-14 00:03:38,054 - __main__ - INFO - Found link: https://www.archdaily.cn/cn/1015593/zhuan-yao-li-star-xi-san-qi-zhuan-yao-gong-ye-yi-zhi-gai-zao-mat-chao-ji-jian-zhu-shi-wu-suo?ad_source=search&ad_medium=projects_tab
2024-08-14 00:03:38,054 - __main__ - INFO - Found link: https://www.archdaily.cn/cn/1017799/dh-palencia-neng-yuan-zhuan-xing-zhong-xin-frpo-rodriguez-and-oriol?ad_source=search&ad_medium=projects_tab
2024-08-14 00:03:38,055 - __main__ - INFO - Found link: https://www.archdaily.cn/cn/1018597/furukawa-manufacturing-ban-gong-shi-he-gong-han-jo-nagasaka-plus-schemata-architects?ad_source=search&ad_medium=projects_tab
2024-08-14 00:03:38,055 - __main__ - INFO - Found link: https://www.archdaily.cn/cn/1019766/da-zhou-hua-shi-ji-qi-zhou-bian-qu-yu-gai-zao-spactrum-pu-guan?ad_source=search&ad_medium=projects_tab
2024-08-14 00:03:38,055 - __main__ - INFO - Found link: https://www.archdaily.cn/cn/1017550/xiao-he-cha-guan-fang-zi-he-shi-jian-zhu-gong-zuo-shi?ad_source=search&ad_medium=projects_tab
2024-08-14 00:03:38,056 - __main__ - INFO - Found link: https://www.archdaily.cn/cn/1017151/jin-ji-hu-1hao-yi-zhan-fan-xing-jian-zhu-gong-zuo-shi?ad_source=search&ad_medium=projects_tab
2024-08-14 00:03:38,056 - __main__ - INFO - Found link: https://www.archdaily.cn/cn/1017317/hai-dong-shi-ti-yu-zhong-xin-zhong-guo-jian-zhu-she-ji-yan-jiu-yuan-pin-zhu-she-ji-gong-zuo-shi?ad_source=search&ad_medium=projects_tab
2024-08-14 00:03:38,056 - __main__ - INFO - Found link: https://www.archdaily.cn/cn/1019212/shang-hai-chang-zhu-huan-cheng-sheng-tai-gong-yuan-dai-shi-min-fu-wu-yi-zhan-zhi-zheng-jian-zhu-gong-zuo-shi-plus-ye-shi-jian-zhu?ad_source=search&ad_medium=projects_tab
2024-08-14 00:03:38,057 - __main__ - INFO - Found link: https://www.archdaily.cn/cn/1017248/hai-dong-cheng-shi-gui-hua-zhan-lan-guan-zhong-guo-jian-zhu-she-ji-yan-jiu-yuan-pin-zhu-she-ji-gong-zuo-shi?ad_source=search&ad_medium=projects_tab
2024-08-14 00:03:38,057 - __main__ - INFO - Found link: https://www.archdaily.cn/cn/1017543/zi-dong-mo-fang-gu-cang-gai-zao-proks-prikryl-architects?ad_source=search&ad_medium=projects_tab
2024-08-14 00:03:38,057 - __main__ - INFO - Found link: https://www.archdaily.cn/cn/1017255/jcb-gong-zuo-shi-jackson-clements-burrows-architects?ad_source=search&ad_medium=projects_tab
2024-08-14 00:03:38,058 - __main__ - INFO - Found link: https://www.archdaily.cn/cn/1016298/hai-yan-ke-tang-yan-fei-jian-zhu-shi-wu-suo-plus-zhu-xiang-jian-zhu-gong-zuo-shi?ad_source=search&ad_medium=projects_tab
2024-08-14 00:03:38,058 - __main__ - INFO - Found link: https://www.archdaily.cn/cn/1016306/a-na-ya-bei-an-shi-ji-zhi-zheng-jian-zhu-gong-zuo-shi?ad_source=search&ad_medium=projects_tab
2024-08-14 00:03:38,059 - __main__ - INFO - Found link: https://www.archdaily.cn/cn/907974/plaxil-8-gong-ye-jian-zhu-jia-fang-yi-fang-xi-shou-bian-hua-zhong-de-chi-xu-xing-tan-suo-studio-valle-architetti-associati?ad_source=search&ad_medium=projects_tab
2024-08-14 00:04:05,710 - root - INFO - Extraction completed for URL: https://www.archdaily.cn/cn/1019611/ease-park-bian-yuan-ji-hua-jian-zhu-gong-zuo-shi?ad_source=search&ad_medium=projects_tab
2024-08-14 00:04:29,684 - root - INFO - Extraction completed for URL: https://www.archdaily.cn/cn/1017700/ao-yun-cun-zhu-zhai-chaix-et-morel?ad_source=search&ad_medium=projects_tab
2024-08-14 00:04:53,711 - root - INFO - Extraction completed for URL: https://www.archdaily.cn/cn/1017363/an-cha-bo-wu-guan-gong-chang-peng-zhuang-de-wen-hua-qun-dao?ad_source=search&ad_medium=projects_tab
2024-08-14 13:17:24,790 - WDM - INFO - ====== WebDriver manager ======
2024-08-14 13:17:26,015 - WDM - INFO - Get LATEST chromedriver version for google-chrome
2024-08-14 13:17:26,342 - WDM - INFO - Get LATEST chromedriver version for google-chrome
2024-08-14 13:17:26,643 - WDM - INFO - There is no [win64] chromedriver "127.0.6533.119" for browser google-chrome "127.0.6533" in cache
2024-08-14 13:17:26,643 - WDM - INFO - Get LATEST chromedriver version for google-chrome
2024-08-14 13:17:27,369 - WDM - INFO - WebDriver version 127.0.6533.119 selected
2024-08-14 13:17:27,371 - WDM - INFO - Modern chrome version https://storage.googleapis.com/chrome-for-testing-public/127.0.6533.119/win32/chromedriver-win32.zip
2024-08-14 13:17:27,372 - WDM - INFO - About to download new driver from https://storage.googleapis.com/chrome-for-testing-public/127.0.6533.119/win32/chromedriver-win32.zip
2024-08-14 13:17:27,655 - WDM - INFO - Driver downloading response is 200
2024-08-14 13:17:28,885 - WDM - INFO - Get LATEST chromedriver version for google-chrome
2024-08-14 13:17:29,336 - WDM - INFO - Driver has been saved in cache [C:\Users\Wallie\.wdm\drivers\chromedriver\win64\127.0.6533.119]
2024-08-14 13:17:37,499 - __main__ - INFO - Found link: https://www.archdaily.cn/cn/1020018/ni-kang-zhi-ying-dian-star-bei-jing-san-li-tun-tai-gu-li-dian-lukstudiozhi-zuo-shi?ad_source=search&ad_medium=projects_tab
2024-08-14 13:17:37,499 - __main__ - INFO - Found link: https://www.archdaily.cn/cn/978812/ni-kang-shang-hai-zhi-ying-dian-zhi-zuo-shi?ad_source=search&ad_medium=projects_tab
2024-08-14 13:17:37,500 - __main__ - INFO - Found link: https://www.archdaily.cn/cn/1018141/ba-te-xi-wu-ding-hua-yuan-he-dian-qi-da-dao-50hao-fu-si-te-jian-zhu-shi-wu-suo?ad_source=search&ad_medium=projects_tab
2024-08-14 13:17:37,500 - __main__ - INFO - Found link: https://www.archdaily.cn/cn/1017856/vegescape-ka-pei-ting-subtext?ad_source=search&ad_medium=projects_tab
2024-08-14 13:17:37,500 - __main__ - INFO - Found link: https://www.archdaily.cn/cn/1016716/talaga-sampireun-bali-can-ting-k-thengono-design-studio?ad_source=search&ad_medium=projects_tab
2024-08-14 13:17:37,501 - __main__ - INFO - Found link: https://www.archdaily.cn/cn/1019776/olympe-cong-ao-yun-cun-dao-de-cheng-shi-yi-zhu-zhong-xin-farid-azib-architect?ad_source=search&ad_medium=projects_tab
2024-08-14 13:17:37,501 - __main__ - INFO - Found link: https://www.archdaily.cn/cn/1015373/heng-shen-zhong-xin-gensler?ad_source=search&ad_medium=projects_tab
2024-08-14 13:17:37,501 - __main__ - INFO - Found link: https://www.archdaily.cn/cn/1015381/ban-jia-luo-er-guo-ji-ji-chang-skidmore-owings-and-merrill?ad_source=search&ad_medium=projects_tab
2024-08-14 13:17:37,502 - __main__ - INFO - Found link: https://www.archdaily.cn/cn/800132/en-ni-si-ji-lin-cheng-bao-gai-zao-kriterion-conservation-architects?ad_source=search&ad_medium=projects_tab
2024-08-14 13:17:37,502 - __main__ - INFO - Found link: https://www.archdaily.cn/cn/1011556/hu-zhou-xi-po-lao-ling-liang-shi-tiao-fang-zi-jian-zhu-gong-zuo-shi?ad_source=search&ad_medium=projects_tab
2024-08-14 13:17:37,502 - __main__ - INFO - Found link: https://www.archdaily.cn/cn/909602/amanzoe-she-hua-jiu-dian-yu-du-jia-cun-edward-tuttle-designrealization?ad_source=search&ad_medium=projects_tab
2024-08-14 13:17:37,502 - __main__ - INFO - Found link: https://www.archdaily.cn/cn/774123/ke-li-si-star-ao-bu-lai-en-sheng-ming-zhi-jia-hdr-rice-daubney?ad_source=search&ad_medium=projects_tab
2024-08-14 13:17:37,503 - __main__ - INFO - Found link: https://www.archdaily.cn/cn/1011608/a-xiao-78jiu-dian-wei-jue-jian-zhu?ad_source=search&ad_medium=projects_tab
2024-08-14 13:17:37,503 - __main__ - INFO - Found link: https://www.archdaily.cn/cn/1012486/shang-hai-shu-cheng-wutopia-lab?ad_source=search&ad_medium=projects_tab
2024-08-14 13:17:37,503 - __main__ - INFO - Found link: https://www.archdaily.cn/cn/939643/hai-an-yang-tai-lu-dian-zhong-cun-tuo-zhi-jian-zhu-shi-wu-suo-and-nap?ad_source=search&ad_medium=projects_tab
2024-08-14 13:17:37,504 - __main__ - INFO - Found link: https://www.archdaily.cn/cn/955704/a-er-bei-si-shan-bivouacshan-qu-ying-di-miha-kajzelj-architect?ad_source=search&ad_medium=projects_tab
2024-08-14 13:17:37,504 - __main__ - INFO - Found link: https://www.archdaily.cn/cn/992573/shang-hai-shi-di-yi-yao-shang-dian-gai-zao-xiang-mu-du-zi-she-ji?ad_source=search&ad_medium=projects_tab
2024-08-14 13:17:37,504 - __main__ - INFO - Found link: https://www.archdaily.cn/cn/900374/bei-jing-chaochao-jiu-dian-gmp-architects?ad_source=search&ad_medium=projects_tab
2024-08-14 13:18:03,326 - root - INFO - Extraction completed for URL: https://www.archdaily.cn/cn/1020018/ni-kang-zhi-ying-dian-star-bei-jing-san-li-tun-tai-gu-li-dian-lukstudiozhi-zuo-shi?ad_source=search&ad_medium=projects_tab
2024-08-14 13:18:26,955 - root - INFO - Extraction completed for URL: https://www.archdaily.cn/cn/978812/ni-kang-shang-hai-zhi-ying-dian-zhi-zuo-shi?ad_source=search&ad_medium=projects_tab
2024-08-14 13:18:49,883 - root - INFO - Extraction completed for URL: https://www.archdaily.cn/cn/1018141/ba-te-xi-wu-ding-hua-yuan-he-dian-qi-da-dao-50hao-fu-si-te-jian-zhu-shi-wu-suo?ad_source=search&ad_medium=projects_tab
2024-08-14 13:19:13,042 - root - INFO - Extraction completed for URL: https://www.archdaily.cn/cn/1017856/vegescape-ka-pei-ting-subtext?ad_source=search&ad_medium=projects_tab
2024-08-14 13:19:36,398 - root - INFO - Extraction completed for URL: https://www.archdaily.cn/cn/1016716/talaga-sampireun-bali-can-ting-k-thengono-design-studio?ad_source=search&ad_medium=projects_tab
2024-08-14 13:19:59,374 - root - INFO - Extraction completed for URL: https://www.archdaily.cn/cn/1019776/olympe-cong-ao-yun-cun-dao-de-cheng-shi-yi-zhu-zhong-xin-farid-azib-architect?ad_source=search&ad_medium=projects_tab
2024-08-14 13:20:22,352 - __main__ - ERROR - An error occurred in extract_info: 'NoneType' object has no attribute 'find_next'
2024-08-14 13:20:22,352 - root - INFO - Extraction completed for URL: https://www.archdaily.cn/cn/1015373/heng-shen-zhong-xin-gensler?ad_source=search&ad_medium=projects_tab
2024-08-14 13:20:45,464 - root - INFO - Extraction completed for URL: https://www.archdaily.cn/cn/1015381/ban-jia-luo-er-guo-ji-ji-chang-skidmore-owings-and-merrill?ad_source=search&ad_medium=projects_tab
2024-08-14 13:21:09,371 - root - INFO - Extraction completed for URL: https://www.archdaily.cn/cn/800132/en-ni-si-ji-lin-cheng-bao-gai-zao-kriterion-conservation-architects?ad_source=search&ad_medium=projects_tab
2024-08-14 13:21:32,506 - root - INFO - Extraction completed for URL: https://www.archdaily.cn/cn/1011556/hu-zhou-xi-po-lao-ling-liang-shi-tiao-fang-zi-jian-zhu-gong-zuo-shi?ad_source=search&ad_medium=projects_tab
2024-08-14 13:24:00,401 - WDM - INFO - ====== WebDriver manager ======
2024-08-14 13:24:01,500 - WDM - INFO - Get LATEST chromedriver version for google-chrome
2024-08-14 13:24:01,945 - WDM - INFO - Get LATEST chromedriver version for google-chrome
2024-08-14 13:24:02,258 - WDM - INFO - Driver [C:\Users\Wallie\.wdm\drivers\chromedriver\win64\127.0.6533.119\chromedriver-win32/chromedriver.exe] found in cache
2024-08-14 13:24:10,433 - __main__ - INFO - Found link: https://www.archdaily.cn/cn/1020018/ni-kang-zhi-ying-dian-star-bei-jing-san-li-tun-tai-gu-li-dian-lukstudiozhi-zuo-shi?ad_source=search&ad_medium=projects_tab
2024-08-14 13:24:10,433 - __main__ - INFO - Found link: https://www.archdaily.cn/cn/978812/ni-kang-shang-hai-zhi-ying-dian-zhi-zuo-shi?ad_source=search&ad_medium=projects_tab
2024-08-14 13:24:10,434 - __main__ - INFO - Found link: https://www.archdaily.cn/cn/1018141/ba-te-xi-wu-ding-hua-yuan-he-dian-qi-da-dao-50hao-fu-si-te-jian-zhu-shi-wu-suo?ad_source=search&ad_medium=projects_tab
2024-08-14 13:24:10,434 - __main__ - INFO - Found link: https://www.archdaily.cn/cn/1017856/vegescape-ka-pei-ting-subtext?ad_source=search&ad_medium=projects_tab
2024-08-14 13:24:10,434 - __main__ - INFO - Found link: https://www.archdaily.cn/cn/1016716/talaga-sampireun-bali-can-ting-k-thengono-design-studio?ad_source=search&ad_medium=projects_tab
2024-08-14 13:24:10,435 - __main__ - INFO - Found link: https://www.archdaily.cn/cn/1019776/olympe-cong-ao-yun-cun-dao-de-cheng-shi-yi-zhu-zhong-xin-farid-azib-architect?ad_source=search&ad_medium=projects_tab
2024-08-14 13:24:10,435 - __main__ - INFO - Found link: https://www.archdaily.cn/cn/1015373/heng-shen-zhong-xin-gensler?ad_source=search&ad_medium=projects_tab
2024-08-14 13:24:10,435 - __main__ - INFO - Found link: https://www.archdaily.cn/cn/1015381/ban-jia-luo-er-guo-ji-ji-chang-skidmore-owings-and-merrill?ad_source=search&ad_medium=projects_tab
2024-08-14 13:24:10,436 - __main__ - INFO - Found link: https://www.archdaily.cn/cn/800132/en-ni-si-ji-lin-cheng-bao-gai-zao-kriterion-conservation-architects?ad_source=search&ad_medium=projects_tab
2024-08-14 13:24:10,436 - __main__ - INFO - Found link: https://www.archdaily.cn/cn/1011556/hu-zhou-xi-po-lao-ling-liang-shi-tiao-fang-zi-jian-zhu-gong-zuo-shi?ad_source=search&ad_medium=projects_tab
2024-08-14 13:24:10,436 - __main__ - INFO - Found link: https://www.archdaily.cn/cn/909602/amanzoe-she-hua-jiu-dian-yu-du-jia-cun-edward-tuttle-designrealization?ad_source=search&ad_medium=projects_tab
2024-08-14 13:24:10,437 - __main__ - INFO - Found link: https://www.archdaily.cn/cn/774123/ke-li-si-star-ao-bu-lai-en-sheng-ming-zhi-jia-hdr-rice-daubney?ad_source=search&ad_medium=projects_tab
2024-08-14 13:24:10,437 - __main__ - INFO - Found link: https://www.archdaily.cn/cn/1011608/a-xiao-78jiu-dian-wei-jue-jian-zhu?ad_source=search&ad_medium=projects_tab
2024-08-14 13:24:10,438 - __main__ - INFO - Found link: https://www.archdaily.cn/cn/1012486/shang-hai-shu-cheng-wutopia-lab?ad_source=search&ad_medium=projects_tab
2024-08-14 13:24:10,438 - __main__ - INFO - Found link: https://www.archdaily.cn/cn/939643/hai-an-yang-tai-lu-dian-zhong-cun-tuo-zhi-jian-zhu-shi-wu-suo-and-nap?ad_source=search&ad_medium=projects_tab
2024-08-14 13:24:10,438 - __main__ - INFO - Found link: https://www.archdaily.cn/cn/955704/a-er-bei-si-shan-bivouacshan-qu-ying-di-miha-kajzelj-architect?ad_source=search&ad_medium=projects_tab
2024-08-14 13:24:10,439 - __main__ - INFO - Found link: https://www.archdaily.cn/cn/992573/shang-hai-shi-di-yi-yao-shang-dian-gai-zao-xiang-mu-du-zi-she-ji?ad_source=search&ad_medium=projects_tab
2024-08-14 13:24:10,439 - __main__ - INFO - Found link: https://www.archdaily.cn/cn/900374/bei-jing-chaochao-jiu-dian-gmp-architects?ad_source=search&ad_medium=projects_tab
2024-08-14 13:24:37,169 - root - INFO - Extraction completed for URL: https://www.archdaily.cn/cn/1020018/ni-kang-zhi-ying-dian-star-bei-jing-san-li-tun-tai-gu-li-dian-lukstudiozhi-zuo-shi?ad_source=search&ad_medium=projects_tab
2024-08-14 13:25:00,130 - root - INFO - Extraction completed for URL: https://www.archdaily.cn/cn/978812/ni-kang-shang-hai-zhi-ying-dian-zhi-zuo-shi?ad_source=search&ad_medium=projects_tab
2024-08-14 13:25:23,104 - root - INFO - Extraction completed for URL: https://www.archdaily.cn/cn/1018141/ba-te-xi-wu-ding-hua-yuan-he-dian-qi-da-dao-50hao-fu-si-te-jian-zhu-shi-wu-suo?ad_source=search&ad_medium=projects_tab
2024-08-14 13:25:46,062 - root - INFO - Extraction completed for URL: https://www.archdaily.cn/cn/1017856/vegescape-ka-pei-ting-subtext?ad_source=search&ad_medium=projects_tab
2024-08-14 13:26:09,388 - root - INFO - Extraction completed for URL: https://www.archdaily.cn/cn/1016716/talaga-sampireun-bali-can-ting-k-thengono-design-studio?ad_source=search&ad_medium=projects_tab
2024-08-14 13:26:32,284 - root - INFO - Extraction completed for URL: https://www.archdaily.cn/cn/1019776/olympe-cong-ao-yun-cun-dao-de-cheng-shi-yi-zhu-zhong-xin-farid-azib-architect?ad_source=search&ad_medium=projects_tab
2024-08-14 13:26:55,223 - __main__ - ERROR - An error occurred in extract_info: 'NoneType' object has no attribute 'find_next'
2024-08-14 13:26:55,224 - root - INFO - Extraction completed for URL: https://www.archdaily.cn/cn/1015373/heng-shen-zhong-xin-gensler?ad_source=search&ad_medium=projects_tab
2024-08-14 13:27:18,145 - root - INFO - Extraction completed for URL: https://www.archdaily.cn/cn/1015381/ban-jia-luo-er-guo-ji-ji-chang-skidmore-owings-and-merrill?ad_source=search&ad_medium=projects_tab
2024-08-14 13:27:41,087 - root - INFO - Extraction completed for URL: https://www.archdaily.cn/cn/800132/en-ni-si-ji-lin-cheng-bao-gai-zao-kriterion-conservation-architects?ad_source=search&ad_medium=projects_tab
2024-08-14 13:28:03,842 - root - INFO - Extraction completed for URL: https://www.archdaily.cn/cn/1011556/hu-zhou-xi-po-lao-ling-liang-shi-tiao-fang-zi-jian-zhu-gong-zuo-shi?ad_source=search&ad_medium=projects_tab
2024-08-14 13:28:26,466 - root - INFO - Extraction completed for URL: https://www.archdaily.cn/cn/909602/amanzoe-she-hua-jiu-dian-yu-du-jia-cun-edward-tuttle-designrealization?ad_source=search&ad_medium=projects_tab
2024-08-14 13:28:49,118 - __main__ - ERROR - An error occurred in extract_info: 'NoneType' object has no attribute 'find_next'
2024-08-14 13:28:49,119 - root - INFO - Extraction completed for URL: https://www.archdaily.cn/cn/774123/ke-li-si-star-ao-bu-lai-en-sheng-ming-zhi-jia-hdr-rice-daubney?ad_source=search&ad_medium=projects_tab
2024-08-14 13:29:12,053 - root - INFO - Extraction completed for URL: https://www.archdaily.cn/cn/1011608/a-xiao-78jiu-dian-wei-jue-jian-zhu?ad_source=search&ad_medium=projects_tab
2024-08-14 13:29:35,001 - root - INFO - Extraction completed for URL: https://www.archdaily.cn/cn/1012486/shang-hai-shu-cheng-wutopia-lab?ad_source=search&ad_medium=projects_tab
2024-08-14 13:29:58,712 - root - INFO - Extraction completed for URL: https://www.archdaily.cn/cn/939643/hai-an-yang-tai-lu-dian-zhong-cun-tuo-zhi-jian-zhu-shi-wu-suo-and-nap?ad_source=search&ad_medium=projects_tab
2024-08-14 13:30:22,368 - root - INFO - Extraction completed for URL: https://www.archdaily.cn/cn/955704/a-er-bei-si-shan-bivouacshan-qu-ying-di-miha-kajzelj-architect?ad_source=search&ad_medium=projects_tab
2024-08-14 13:30:45,352 - root - INFO - Extraction completed for URL: https://www.archdaily.cn/cn/992573/shang-hai-shi-di-yi-yao-shang-dian-gai-zao-xiang-mu-du-zi-she-ji?ad_source=search&ad_medium=projects_tab
2024-08-14 13:31:08,243 - root - INFO - Extraction completed for URL: https://www.archdaily.cn/cn/900374/bei-jing-chaochao-jiu-dian-gmp-architects?ad_source=search&ad_medium=projects_tab
2024-08-14 13:31:31,977 - __main__ - INFO - Found link: https://www.gooood.cn/nikon-beijing-flagship-by-lukstudio.htm
2024-08-14 13:31:31,999 - __main__ - INFO - Found link: https://www.gooood.cn/a-stacked-expedition-nikon-shanghai-flagship-china-by-lukstudio.htm
2024-08-14 13:31:31,999 - __main__ - INFO - Total links found: 2
2024-08-14 13:31:55,460 - root - INFO - Extraction completed for URL: https://www.gooood.cn/nikon-beijing-flagship-by-lukstudio.htm
2024-08-14 13:32:18,757 - root - INFO - Extraction completed for URL: https://www.gooood.cn/a-stacked-expedition-nikon-shanghai-flagship-china-by-lukstudio.htm
2024-08-14 13:32:22,552 - __main__ - INFO - Browser closed.
